Arguments: 
  /Users/DrYniguez/.nvm/versions/node/v13.11.0/bin/node /Users/DrYniguez/.nvm/versions/node/v13.11.0/bin/yarn add chai-http @types/chai-http @types/express @mocha -D

PATH: 
  /usr/local/opt/sqlite/bin:/usr/local/opt/sphinx-doc/bin:/usr/local/bin/deno:/Users/DrYniguez/.rvm/gems/ruby-2.7.1/bin:/Users/DrYniguez/.nvm/versions/node/v13.11.0/bin:/Users/DrYniguez/.pyenv/shims:/Users/DrYniguez/.pyenv/bin:/usr/local/sbin:/Users/DrYniguez/.nvm/versions/node/v10.15.1/bin:/opt/local/bin:/opt/local/sbin:~/Library/Android/sdk/platform-tools/:/opt/local/bin:/opt/local/sbin:/Users/DrYniguez/goProjects/bin:/usr/local/go/bin:~/Applications/sbt/bin:~/.npm-global/bin:/Users/DrYniguez/.rvm/gems/ruby-2.7.1/bin:/Users/DrYniguez/.rvm/gems/ruby-2.7.1@global/bin:/Users/DrYniguez/.rvm/rubies/ruby-2.7.1/bin:/usr/local/opt/openssl@1.1/bin:/usr/local/bin:/usr/bin:/bin:/usr/sbin:/sbin:/usr/local/go/bin:/usr/local/share/dotnet:/opt/X11/bin:/Applications/Server.app/Contents/ServerRoot/usr/bin:/Applications/Server.app/Contents/ServerRoot/usr/sbin:/Library/Apple/usr/bin:/Library/Frameworks/Mono.framework/Versions/Current/Commands:/usr/local/git/bin:/Applications/Xamarin Workbooks.app/Contents/SharedSupport/path-bin:/Users/DrYniguez/.rvm/bin:/Users/DrYniguez/goProjects/bin:~/Applications/sbt/bin:~/.npm-global/bin:/Users/DrYniguez/.rvm/gems/ruby-2.7.1/bin:/Users/DrYniguez/.rvm/gems/ruby-2.7.1@global/bin:/Users/DrYniguez/.rvm/rubies/ruby-2.7.1/bin:/usr/local/opt/openssl@1.1/bin:/usr/local/bin:/usr/bin:/bin:/usr/sbin:/sbin:/usr/local/go/bin:/usr/local/share/dotnet:/opt/X11/bin:/Applications/Server.app/Contents/ServerRoot/usr/bin:/Applications/Server.app/Contents/ServerRoot/usr/sbin:/Library/Apple/usr/bin:/Library/Frameworks/Mono.framework/Versions/Current/Commands:/usr/local/git/bin:/Applications/Xamarin Workbooks.app/Contents/SharedSupport/path-bin:/Users/DrYniguez/.rvm/bin

Yarn version: 
  1.22.4

Node version: 
  13.11.0

Platform: 
  darwin x64

Trace: 
  Error: https://registry.yarnpkg.com/@mocha: Request "https://registry.yarnpkg.com/@mocha" returned a 405
      at Request.params.callback [as _callback] (/Users/DrYniguez/.nvm/versions/node/v13.11.0/lib/node_modules/yarn/lib/cli.js:66996:18)
      at Request.self.callback (/Users/DrYniguez/.nvm/versions/node/v13.11.0/lib/node_modules/yarn/lib/cli.js:140748:22)
      at Request.emit (events.js:315:20)
      at Request.<anonymous> (/Users/DrYniguez/.nvm/versions/node/v13.11.0/lib/node_modules/yarn/lib/cli.js:141720:10)
      at Request.emit (events.js:315:20)
      at IncomingMessage.<anonymous> (/Users/DrYniguez/.nvm/versions/node/v13.11.0/lib/node_modules/yarn/lib/cli.js:141642:12)
      at Object.onceWrapper (events.js:421:28)
      at IncomingMessage.emit (events.js:327:22)
      at endReadableNT (_stream_readable.js:1201:12)
      at processTicksAndRejections (internal/process/task_queues.js:84:21)

npm manifest: 
  {
    "name": "nodejs-rest-project",
    "version": "1.0.0",
    "main": "index.js",
    "repository": "git@github.com:TheoNeUpKid88/nodejs-rest-project.git",
    "author": "Ramon J. Yniguez <jryniguez@gmail.com>",
    "license": "MIT",
    "scripts": {
      "build": "tsc",
      "start": "node dist/index.js",
      "lint": "tslint --project tsconfig.json",
      "local": "nodemon index.ts",
      "test": "nyc mocha --require ts-node/register --timeout 200000 tests/*.spec.ts"
    },
    "devDependencies": {
      "@types/body-parser": "^1.19.0",
      "@types/chai": "^4.2.13",
      "@types/chai-http": "^4.2.0",
      "@types/compression": "^1.7.0",
      "@types/dotenv": "^8.2.0",
      "@types/express": "^4.17.8",
      "@types/express-validator": "^3.0.0",
      "@types/helmet": "^0.0.48",
      "@types/mocha": "^8.0.3",
      "@types/node": "^14.11.8",
      "@types/winston": "^2.4.4",
      "chai": "^4.2.0",
      "chai-http": "^4.3.0",
      "mocha": "^8.1.3",
      "ts-node": "^9.0.0",
      "tslint": "^6.1.3",
      "typescript": "^4.0.3"
    },
    "dependencies": {
      "@types/cors": "^2.8.7",
      "body-parser": "^1.19.0",
      "compression": "^1.7.4",
      "cors": "^2.8.5",
      "dotenv": "^8.2.0",
      "express": "^4.17.1",
      "express-validator": "^6.6.1",
      "helmet": "^4.1.1",
      "nyc": "^15.1.0"
    },
    "nyc": {
      "all": true,
      "check-coverage": true,
      "extension": [
        ".js",
        ".jsx",
        ".ts",
        ".tsx"
      ],
      "exclude": [
        "**/*.spec.ts"
      ],
      "include": [
        "src/**/*.ts"
      ],
      "reporter": [
        "html",
        "text"
      ]
    }
  }

yarn manifest: 
  No manifest

Lockfile: 
  # THIS IS AN AUTOGENERATED FILE. DO NOT EDIT THIS FILE DIRECTLY.
  # yarn lockfile v1
  
  
  "@babel/code-frame@^7.0.0", "@babel/code-frame@^7.10.4":
    version "7.10.4"
    resolved "https://registry.yarnpkg.com/@babel/code-frame/-/code-frame-7.10.4.tgz#168da1a36e90da68ae8d49c0f1b48c7c6249213a"
    dependencies:
      "@babel/highlight" "^7.10.4"
  
  "@babel/core@^7.7.5":
    version "7.11.6"
    resolved "https://registry.yarnpkg.com/@babel/core/-/core-7.11.6.tgz#3a9455dc7387ff1bac45770650bc13ba04a15651"
    dependencies:
      "@babel/code-frame" "^7.10.4"
      "@babel/generator" "^7.11.6"
      "@babel/helper-module-transforms" "^7.11.0"
      "@babel/helpers" "^7.10.4"
      "@babel/parser" "^7.11.5"
      "@babel/template" "^7.10.4"
      "@babel/traverse" "^7.11.5"
      "@babel/types" "^7.11.5"
      convert-source-map "^1.7.0"
      debug "^4.1.0"
      gensync "^1.0.0-beta.1"
      json5 "^2.1.2"
      lodash "^4.17.19"
      resolve "^1.3.2"
      semver "^5.4.1"
      source-map "^0.5.0"
  
  "@babel/generator@^7.11.5", "@babel/generator@^7.11.6":
    version "7.11.6"
    resolved "https://registry.yarnpkg.com/@babel/generator/-/generator-7.11.6.tgz#b868900f81b163b4d464ea24545c61cbac4dc620"
    dependencies:
      "@babel/types" "^7.11.5"
      jsesc "^2.5.1"
      source-map "^0.5.0"
  
  "@babel/helper-function-name@^7.10.4":
    version "7.10.4"
    resolved "https://registry.yarnpkg.com/@babel/helper-function-name/-/helper-function-name-7.10.4.tgz#d2d3b20c59ad8c47112fa7d2a94bc09d5ef82f1a"
    dependencies:
      "@babel/helper-get-function-arity" "^7.10.4"
      "@babel/template" "^7.10.4"
      "@babel/types" "^7.10.4"
  
  "@babel/helper-get-function-arity@^7.10.4":
    version "7.10.4"
    resolved "https://registry.yarnpkg.com/@babel/helper-get-function-arity/-/helper-get-function-arity-7.10.4.tgz#98c1cbea0e2332f33f9a4661b8ce1505b2c19ba2"
    dependencies:
      "@babel/types" "^7.10.4"
  
  "@babel/helper-member-expression-to-functions@^7.10.4":
    version "7.11.0"
    resolved "https://registry.yarnpkg.com/@babel/helper-member-expression-to-functions/-/helper-member-expression-to-functions-7.11.0.tgz#ae69c83d84ee82f4b42f96e2a09410935a8f26df"
    dependencies:
      "@babel/types" "^7.11.0"
  
  "@babel/helper-module-imports@^7.10.4":
    version "7.10.4"
    resolved "https://registry.yarnpkg.com/@babel/helper-module-imports/-/helper-module-imports-7.10.4.tgz#4c5c54be04bd31670a7382797d75b9fa2e5b5620"
    dependencies:
      "@babel/types" "^7.10.4"
  
  "@babel/helper-module-transforms@^7.11.0":
    version "7.11.0"
    resolved "https://registry.yarnpkg.com/@babel/helper-module-transforms/-/helper-module-transforms-7.11.0.tgz#b16f250229e47211abdd84b34b64737c2ab2d359"
    dependencies:
      "@babel/helper-module-imports" "^7.10.4"
      "@babel/helper-replace-supers" "^7.10.4"
      "@babel/helper-simple-access" "^7.10.4"
      "@babel/helper-split-export-declaration" "^7.11.0"
      "@babel/template" "^7.10.4"
      "@babel/types" "^7.11.0"
      lodash "^4.17.19"
  
  "@babel/helper-optimise-call-expression@^7.10.4":
    version "7.10.4"
    resolved "https://registry.yarnpkg.com/@babel/helper-optimise-call-expression/-/helper-optimise-call-expression-7.10.4.tgz#50dc96413d594f995a77905905b05893cd779673"
    dependencies:
      "@babel/types" "^7.10.4"
  
  "@babel/helper-replace-supers@^7.10.4":
    version "7.10.4"
    resolved "https://registry.yarnpkg.com/@babel/helper-replace-supers/-/helper-replace-supers-7.10.4.tgz#d585cd9388ea06e6031e4cd44b6713cbead9e6cf"
    dependencies:
      "@babel/helper-member-expression-to-functions" "^7.10.4"
      "@babel/helper-optimise-call-expression" "^7.10.4"
      "@babel/traverse" "^7.10.4"
      "@babel/types" "^7.10.4"
  
  "@babel/helper-simple-access@^7.10.4":
    version "7.10.4"
    resolved "https://registry.yarnpkg.com/@babel/helper-simple-access/-/helper-simple-access-7.10.4.tgz#0f5ccda2945277a2a7a2d3a821e15395edcf3461"
    dependencies:
      "@babel/template" "^7.10.4"
      "@babel/types" "^7.10.4"
  
  "@babel/helper-split-export-declaration@^7.11.0":
    version "7.11.0"
    resolved "https://registry.yarnpkg.com/@babel/helper-split-export-declaration/-/helper-split-export-declaration-7.11.0.tgz#f8a491244acf6a676158ac42072911ba83ad099f"
    dependencies:
      "@babel/types" "^7.11.0"
  
  "@babel/helper-validator-identifier@^7.10.4":
    version "7.10.4"
    resolved "https://registry.yarnpkg.com/@babel/helper-validator-identifier/-/helper-validator-identifier-7.10.4.tgz#a78c7a7251e01f616512d31b10adcf52ada5e0d2"
  
  "@babel/helpers@^7.10.4":
    version "7.10.4"
    resolved "https://registry.yarnpkg.com/@babel/helpers/-/helpers-7.10.4.tgz#2abeb0d721aff7c0a97376b9e1f6f65d7a475044"
    dependencies:
      "@babel/template" "^7.10.4"
      "@babel/traverse" "^7.10.4"
      "@babel/types" "^7.10.4"
  
  "@babel/highlight@^7.10.4":
    version "7.10.4"
    resolved "https://registry.yarnpkg.com/@babel/highlight/-/highlight-7.10.4.tgz#7d1bdfd65753538fabe6c38596cdb76d9ac60143"
    dependencies:
      "@babel/helper-validator-identifier" "^7.10.4"
      chalk "^2.0.0"
      js-tokens "^4.0.0"
  
  "@babel/parser@^7.10.4", "@babel/parser@^7.11.5":
    version "7.11.5"
    resolved "https://registry.yarnpkg.com/@babel/parser/-/parser-7.11.5.tgz#c7ff6303df71080ec7a4f5b8c003c58f1cf51037"
  
  "@babel/template@^7.10.4":
    version "7.10.4"
    resolved "https://registry.yarnpkg.com/@babel/template/-/template-7.10.4.tgz#3251996c4200ebc71d1a8fc405fba940f36ba278"
    dependencies:
      "@babel/code-frame" "^7.10.4"
      "@babel/parser" "^7.10.4"
      "@babel/types" "^7.10.4"
  
  "@babel/traverse@^7.10.4", "@babel/traverse@^7.11.5":
    version "7.11.5"
    resolved "https://registry.yarnpkg.com/@babel/traverse/-/traverse-7.11.5.tgz#be777b93b518eb6d76ee2e1ea1d143daa11e61c3"
    dependencies:
      "@babel/code-frame" "^7.10.4"
      "@babel/generator" "^7.11.5"
      "@babel/helper-function-name" "^7.10.4"
      "@babel/helper-split-export-declaration" "^7.11.0"
      "@babel/parser" "^7.11.5"
      "@babel/types" "^7.11.5"
      debug "^4.1.0"
      globals "^11.1.0"
      lodash "^4.17.19"
  
  "@babel/types@^7.10.4", "@babel/types@^7.11.0", "@babel/types@^7.11.5":
    version "7.11.5"
    resolved "https://registry.yarnpkg.com/@babel/types/-/types-7.11.5.tgz#d9de577d01252d77c6800cee039ee64faf75662d"
    dependencies:
      "@babel/helper-validator-identifier" "^7.10.4"
      lodash "^4.17.19"
      to-fast-properties "^2.0.0"
  
  "@dabh/diagnostics@^2.0.2":
    version "2.0.2"
    resolved "https://registry.yarnpkg.com/@dabh/diagnostics/-/diagnostics-2.0.2.tgz#290d08f7b381b8f94607dc8f471a12c675f9db31"
    dependencies:
      colorspace "1.1.x"
      enabled "2.0.x"
      kuler "^2.0.0"
  
  "@istanbuljs/load-nyc-config@^1.0.0":
    version "1.1.0"
    resolved "https://registry.yarnpkg.com/@istanbuljs/load-nyc-config/-/load-nyc-config-1.1.0.tgz#fd3db1d59ecf7cf121e80650bb86712f9b55eced"
    dependencies:
      camelcase "^5.3.1"
      find-up "^4.1.0"
      get-package-type "^0.1.0"
      js-yaml "^3.13.1"
      resolve-from "^5.0.0"
  
  "@istanbuljs/schema@^0.1.2":
    version "0.1.2"
    resolved "https://registry.yarnpkg.com/@istanbuljs/schema/-/schema-0.1.2.tgz#26520bf09abe4a5644cd5414e37125a8954241dd"
  
  "@types/body-parser@*", "@types/body-parser@^1.19.0":
    version "1.19.0"
    resolved "https://registry.yarnpkg.com/@types/body-parser/-/body-parser-1.19.0.tgz#0685b3c47eb3006ffed117cdd55164b61f80538f"
    dependencies:
      "@types/connect" "*"
      "@types/node" "*"
  
  "@types/chai-http@^4.2.0":
    version "4.2.0"
    resolved "https://registry.yarnpkg.com/@types/chai-http/-/chai-http-4.2.0.tgz#223c9a3e7ce664767df3820501a91283382d756f"
    dependencies:
      chai-http "*"
  
  "@types/chai@4", "@types/chai@^4.2.13":
    version "4.2.13"
    resolved "https://registry.yarnpkg.com/@types/chai/-/chai-4.2.13.tgz#8a3801f6655179d1803d81e94a2e4aaf317abd16"
  
  "@types/compression@^1.7.0":
    version "1.7.0"
    resolved "https://registry.yarnpkg.com/@types/compression/-/compression-1.7.0.tgz#8dc2a56604873cf0dd4e746d9ae4d31ae77b2390"
    dependencies:
      "@types/express" "*"
  
  "@types/connect@*":
    version "3.4.33"
    resolved "https://registry.yarnpkg.com/@types/connect/-/connect-3.4.33.tgz#31610c901eca573b8713c3330abc6e6b9f588546"
    dependencies:
      "@types/node" "*"
  
  "@types/cookiejar@*":
    version "2.1.1"
    resolved "https://registry.yarnpkg.com/@types/cookiejar/-/cookiejar-2.1.1.tgz#90b68446364baf9efd8e8349bb36bd3852b75b80"
  
  "@types/cors@^2.8.7":
    version "2.8.7"
    resolved "https://registry.yarnpkg.com/@types/cors/-/cors-2.8.7.tgz#ab2f47f1cba93bce27dfd3639b006cc0e5600889"
    dependencies:
      "@types/express" "*"
  
  "@types/dotenv@^8.2.0":
    version "8.2.0"
    resolved "https://registry.yarnpkg.com/@types/dotenv/-/dotenv-8.2.0.tgz#5cd64710c3c98e82d9d15844375a33bf1b45d053"
    dependencies:
      dotenv "*"
  
  "@types/express-serve-static-core@*":
    version "4.17.13"
    resolved "https://registry.yarnpkg.com/@types/express-serve-static-core/-/express-serve-static-core-4.17.13.tgz#d9af025e925fc8b089be37423b8d1eac781be084"
    dependencies:
      "@types/node" "*"
      "@types/qs" "*"
      "@types/range-parser" "*"
  
  "@types/express-validator@^3.0.0":
    version "3.0.0"
    resolved "https://registry.yarnpkg.com/@types/express-validator/-/express-validator-3.0.0.tgz#e6f3cab842e5ae376a1cfa11295202ec380b68d1"
    dependencies:
      express-validator "*"
  
  "@types/express@*", "@types/express@^4.17.8":
    version "4.17.8"
    resolved "https://registry.yarnpkg.com/@types/express/-/express-4.17.8.tgz#3df4293293317e61c60137d273a2e96cd8d5f27a"
    dependencies:
      "@types/body-parser" "*"
      "@types/express-serve-static-core" "*"
      "@types/qs" "*"
      "@types/serve-static" "*"
  
  "@types/helmet@^0.0.48":
    version "0.0.48"
    resolved "https://registry.yarnpkg.com/@types/helmet/-/helmet-0.0.48.tgz#e754399d2f4672ba63962e8490efd3edd31d9799"
    dependencies:
      "@types/express" "*"
  
  "@types/mime@*":
    version "2.0.3"
    resolved "https://registry.yarnpkg.com/@types/mime/-/mime-2.0.3.tgz#c893b73721db73699943bfc3653b1deb7faa4a3a"
  
  "@types/mocha@^8.0.3":
    version "8.0.3"
    resolved "https://registry.yarnpkg.com/@types/mocha/-/mocha-8.0.3.tgz#51b21b6acb6d1b923bbdc7725c38f9f455166402"
  
  "@types/node@*":
    version "14.11.6"
    resolved "https://registry.yarnpkg.com/@types/node/-/node-14.11.6.tgz#a332341dc32dd896d55c6c1a64a3105701bccd67"
  
  "@types/node@^14.11.8":
    version "14.11.8"
    resolved "https://registry.yarnpkg.com/@types/node/-/node-14.11.8.tgz#fe2012f2355e4ce08bca44aeb3abbb21cf88d33f"
  
  "@types/qs@*":
    version "6.9.5"
    resolved "https://registry.yarnpkg.com/@types/qs/-/qs-6.9.5.tgz#434711bdd49eb5ee69d90c1d67c354a9a8ecb18b"
  
  "@types/range-parser@*":
    version "1.2.3"
    resolved "https://registry.yarnpkg.com/@types/range-parser/-/range-parser-1.2.3.tgz#7ee330ba7caafb98090bece86a5ee44115904c2c"
  
  "@types/serve-static@*":
    version "1.13.5"
    resolved "https://registry.yarnpkg.com/@types/serve-static/-/serve-static-1.13.5.tgz#3d25d941a18415d3ab092def846e135a08bbcf53"
    dependencies:
      "@types/express-serve-static-core" "*"
      "@types/mime" "*"
  
  "@types/superagent@^3.8.3":
    version "3.8.7"
    resolved "https://registry.yarnpkg.com/@types/superagent/-/superagent-3.8.7.tgz#1f1ed44634d5459b3a672eb7235a8e7cfd97704c"
    dependencies:
      "@types/cookiejar" "*"
      "@types/node" "*"
  
  "@types/winston@^2.4.4":
    version "2.4.4"
    resolved "https://registry.yarnpkg.com/@types/winston/-/winston-2.4.4.tgz#48cc744b7b42fad74b9a2e8490e0112bd9a3d08d"
    dependencies:
      winston "*"
  
  accepts@~1.3.5, accepts@~1.3.7:
    version "1.3.7"
    resolved "https://registry.yarnpkg.com/accepts/-/accepts-1.3.7.tgz#531bc726517a3b2b41f850021c6cc15eaab507cd"
    dependencies:
      mime-types "~2.1.24"
      negotiator "0.6.2"
  
  aggregate-error@^3.0.0:
    version "3.1.0"
    resolved "https://registry.yarnpkg.com/aggregate-error/-/aggregate-error-3.1.0.tgz#92670ff50f5359bdb7a3e0d40d0ec30c5737687a"
    dependencies:
      clean-stack "^2.0.0"
      indent-string "^4.0.0"
  
  ansi-colors@4.1.1:
    version "4.1.1"
    resolved "https://registry.yarnpkg.com/ansi-colors/-/ansi-colors-4.1.1.tgz#cbb9ae256bf750af1eab344f229aa27fe94ba348"
  
  ansi-regex@^3.0.0:
    version "3.0.0"
    resolved "https://registry.yarnpkg.com/ansi-regex/-/ansi-regex-3.0.0.tgz#ed0317c322064f79466c02966bddb605ab37d998"
  
  ansi-regex@^4.1.0:
    version "4.1.0"
    resolved "https://registry.yarnpkg.com/ansi-regex/-/ansi-regex-4.1.0.tgz#8b9f8f08cf1acb843756a839ca8c7e3168c51997"
  
  ansi-regex@^5.0.0:
    version "5.0.0"
    resolved "https://registry.yarnpkg.com/ansi-regex/-/ansi-regex-5.0.0.tgz#388539f55179bf39339c81af30a654d69f87cb75"
  
  ansi-styles@^3.2.0, ansi-styles@^3.2.1:
    version "3.2.1"
    resolved "https://registry.yarnpkg.com/ansi-styles/-/ansi-styles-3.2.1.tgz#41fbb20243e50b12be0f04b8dedbf07520ce841d"
    dependencies:
      color-convert "^1.9.0"
  
  ansi-styles@^4.0.0, ansi-styles@^4.1.0:
    version "4.3.0"
    resolved "https://registry.yarnpkg.com/ansi-styles/-/ansi-styles-4.3.0.tgz#edd803628ae71c04c85ae7a0906edad34b648937"
    dependencies:
      color-convert "^2.0.1"
  
  anymatch@~3.1.1:
    version "3.1.1"
    resolved "https://registry.yarnpkg.com/anymatch/-/anymatch-3.1.1.tgz#c55ecf02185e2469259399310c173ce31233b142"
    dependencies:
      normalize-path "^3.0.0"
      picomatch "^2.0.4"
  
  append-transform@^2.0.0:
    version "2.0.0"
    resolved "https://registry.yarnpkg.com/append-transform/-/append-transform-2.0.0.tgz#99d9d29c7b38391e6f428d28ce136551f0b77e12"
    dependencies:
      default-require-extensions "^3.0.0"
  
  archy@^1.0.0:
    version "1.0.0"
    resolved "https://registry.yarnpkg.com/archy/-/archy-1.0.0.tgz#f9c8c13757cc1dd7bc379ac77b2c62a5c2868c40"
  
  arg@^4.1.0:
    version "4.1.3"
    resolved "https://registry.yarnpkg.com/arg/-/arg-4.1.3.tgz#269fc7ad5b8e42cb63c896d5666017261c144089"
  
  argparse@^1.0.7:
    version "1.0.10"
    resolved "https://registry.yarnpkg.com/argparse/-/argparse-1.0.10.tgz#bcd6791ea5ae09725e17e5ad988134cd40b3d911"
    dependencies:
      sprintf-js "~1.0.2"
  
  array-flatten@1.1.1:
    version "1.1.1"
    resolved "https://registry.yarnpkg.com/array-flatten/-/array-flatten-1.1.1.tgz#9a5f699051b1e7073328f2a008968b64ea2955d2"
  
  array.prototype.map@^1.0.1:
    version "1.0.2"
    resolved "https://registry.yarnpkg.com/array.prototype.map/-/array.prototype.map-1.0.2.tgz#9a4159f416458a23e9483078de1106b2ef68f8ec"
    dependencies:
      define-properties "^1.1.3"
      es-abstract "^1.17.0-next.1"
      es-array-method-boxes-properly "^1.0.0"
      is-string "^1.0.4"
  
  assertion-error@^1.1.0:
    version "1.1.0"
    resolved "https://registry.yarnpkg.com/assertion-error/-/assertion-error-1.1.0.tgz#e60b6b0e8f301bd97e5375215bda406c85118c0b"
  
  async@^3.1.0:
    version "3.2.0"
    resolved "https://registry.yarnpkg.com/async/-/async-3.2.0.tgz#b3a2685c5ebb641d3de02d161002c60fc9f85720"
  
  asynckit@^0.4.0:
    version "0.4.0"
    resolved "https://registry.yarnpkg.com/asynckit/-/asynckit-0.4.0.tgz#c79ed97f7f34cb8f2ba1bc9790bcc366474b4b79"
  
  balanced-match@^1.0.0:
    version "1.0.0"
    resolved "https://registry.yarnpkg.com/balanced-match/-/balanced-match-1.0.0.tgz#89b4d199ab2bee49de164ea02b89ce462d71b767"
  
  binary-extensions@^2.0.0:
    version "2.1.0"
    resolved "https://registry.yarnpkg.com/binary-extensions/-/binary-extensions-2.1.0.tgz#30fa40c9e7fe07dbc895678cd287024dea241dd9"
  
  body-parser@1.19.0, body-parser@^1.19.0:
    version "1.19.0"
    resolved "https://registry.yarnpkg.com/body-parser/-/body-parser-1.19.0.tgz#96b2709e57c9c4e09a6fd66a8fd979844f69f08a"
    dependencies:
      bytes "3.1.0"
      content-type "~1.0.4"
      debug "2.6.9"
      depd "~1.1.2"
      http-errors "1.7.2"
      iconv-lite "0.4.24"
      on-finished "~2.3.0"
      qs "6.7.0"
      raw-body "2.4.0"
      type-is "~1.6.17"
  
  brace-expansion@^1.1.7:
    version "1.1.11"
    resolved "https://registry.yarnpkg.com/brace-expansion/-/brace-expansion-1.1.11.tgz#3c7fcbf529d87226f3d2f52b966ff5271eb441dd"
    dependencies:
      balanced-match "^1.0.0"
      concat-map "0.0.1"
  
  braces@~3.0.2:
    version "3.0.2"
    resolved "https://registry.yarnpkg.com/braces/-/braces-3.0.2.tgz#3454e1a462ee8d599e236df336cd9ea4f8afe107"
    dependencies:
      fill-range "^7.0.1"
  
  browser-stdout@1.3.1:
    version "1.3.1"
    resolved "https://registry.yarnpkg.com/browser-stdout/-/browser-stdout-1.3.1.tgz#baa559ee14ced73452229bad7326467c61fabd60"
  
  buffer-from@^1.0.0:
    version "1.1.1"
    resolved "https://registry.yarnpkg.com/buffer-from/-/buffer-from-1.1.1.tgz#32713bc028f75c02fdb710d7c7bcec1f2c6070ef"
  
  builtin-modules@^1.1.1:
    version "1.1.1"
    resolved "https://registry.yarnpkg.com/builtin-modules/-/builtin-modules-1.1.1.tgz#270f076c5a72c02f5b65a47df94c5fe3a278892f"
  
  bytes@3.0.0:
    version "3.0.0"
    resolved "https://registry.yarnpkg.com/bytes/-/bytes-3.0.0.tgz#d32815404d689699f85a4ea4fa8755dd13a96048"
  
  bytes@3.1.0:
    version "3.1.0"
    resolved "https://registry.yarnpkg.com/bytes/-/bytes-3.1.0.tgz#f6cf7933a360e0588fa9fde85651cdc7f805d1f6"
  
  caching-transform@^4.0.0:
    version "4.0.0"
    resolved "https://registry.yarnpkg.com/caching-transform/-/caching-transform-4.0.0.tgz#00d297a4206d71e2163c39eaffa8157ac0651f0f"
    dependencies:
      hasha "^5.0.0"
      make-dir "^3.0.0"
      package-hash "^4.0.0"
      write-file-atomic "^3.0.0"
  
  camelcase@^5.0.0, camelcase@^5.3.1:
    version "5.3.1"
    resolved "https://registry.yarnpkg.com/camelcase/-/camelcase-5.3.1.tgz#e3c9b31569e106811df242f715725a1f4c494320"
  
  chai-http@*, chai-http@^4.3.0:
    version "4.3.0"
    resolved "https://registry.yarnpkg.com/chai-http/-/chai-http-4.3.0.tgz#3c37c675c1f4fe685185a307e345de7599337c1a"
    dependencies:
      "@types/chai" "4"
      "@types/superagent" "^3.8.3"
      cookiejar "^2.1.1"
      is-ip "^2.0.0"
      methods "^1.1.2"
      qs "^6.5.1"
      superagent "^3.7.0"
  
  chai@^4.2.0:
    version "4.2.0"
    resolved "https://registry.yarnpkg.com/chai/-/chai-4.2.0.tgz#760aa72cf20e3795e84b12877ce0e83737aa29e5"
    dependencies:
      assertion-error "^1.1.0"
      check-error "^1.0.2"
      deep-eql "^3.0.1"
      get-func-name "^2.0.0"
      pathval "^1.1.0"
      type-detect "^4.0.5"
  
  chalk@^2.0.0, chalk@^2.3.0:
    version "2.4.2"
    resolved "https://registry.yarnpkg.com/chalk/-/chalk-2.4.2.tgz#cd42541677a54333cf541a49108c1432b44c9424"
    dependencies:
      ansi-styles "^3.2.1"
      escape-string-regexp "^1.0.5"
      supports-color "^5.3.0"
  
  chalk@^4.0.0:
    version "4.1.0"
    resolved "https://registry.yarnpkg.com/chalk/-/chalk-4.1.0.tgz#4e14870a618d9e2edd97dd8345fd9d9dc315646a"
    dependencies:
      ansi-styles "^4.1.0"
      supports-color "^7.1.0"
  
  check-error@^1.0.2:
    version "1.0.2"
    resolved "https://registry.yarnpkg.com/check-error/-/check-error-1.0.2.tgz#574d312edd88bb5dd8912e9286dd6c0aed4aac82"
  
  chokidar@3.4.2:
    version "3.4.2"
    resolved "https://registry.yarnpkg.com/chokidar/-/chokidar-3.4.2.tgz#38dc8e658dec3809741eb3ef7bb0a47fe424232d"
    dependencies:
      anymatch "~3.1.1"
      braces "~3.0.2"
      glob-parent "~5.1.0"
      is-binary-path "~2.1.0"
      is-glob "~4.0.1"
      normalize-path "~3.0.0"
      readdirp "~3.4.0"
    optionalDependencies:
      fsevents "~2.1.2"
  
  clean-stack@^2.0.0:
    version "2.2.0"
    resolved "https://registry.yarnpkg.com/clean-stack/-/clean-stack-2.2.0.tgz#ee8472dbb129e727b31e8a10a427dee9dfe4008b"
  
  cliui@^5.0.0:
    version "5.0.0"
    resolved "https://registry.yarnpkg.com/cliui/-/cliui-5.0.0.tgz#deefcfdb2e800784aa34f46fa08e06851c7bbbc5"
    dependencies:
      string-width "^3.1.0"
      strip-ansi "^5.2.0"
      wrap-ansi "^5.1.0"
  
  cliui@^6.0.0:
    version "6.0.0"
    resolved "https://registry.yarnpkg.com/cliui/-/cliui-6.0.0.tgz#511d702c0c4e41ca156d7d0e96021f23e13225b1"
    dependencies:
      string-width "^4.2.0"
      strip-ansi "^6.0.0"
      wrap-ansi "^6.2.0"
  
  color-convert@^1.9.0, color-convert@^1.9.1:
    version "1.9.3"
    resolved "https://registry.yarnpkg.com/color-convert/-/color-convert-1.9.3.tgz#bb71850690e1f136567de629d2d5471deda4c1e8"
    dependencies:
      color-name "1.1.3"
  
  color-convert@^2.0.1:
    version "2.0.1"
    resolved "https://registry.yarnpkg.com/color-convert/-/color-convert-2.0.1.tgz#72d3a68d598c9bdb3af2ad1e84f21d896abd4de3"
    dependencies:
      color-name "~1.1.4"
  
  color-name@1.1.3:
    version "1.1.3"
    resolved "https://registry.yarnpkg.com/color-name/-/color-name-1.1.3.tgz#a7d0558bd89c42f795dd42328f740831ca53bc25"
  
  color-name@^1.0.0, color-name@~1.1.4:
    version "1.1.4"
    resolved "https://registry.yarnpkg.com/color-name/-/color-name-1.1.4.tgz#c2a09a87acbde69543de6f63fa3995c826c536a2"
  
  color-string@^1.5.2:
    version "1.5.3"
    resolved "https://registry.yarnpkg.com/color-string/-/color-string-1.5.3.tgz#c9bbc5f01b58b5492f3d6857459cb6590ce204cc"
    dependencies:
      color-name "^1.0.0"
      simple-swizzle "^0.2.2"
  
  color@3.0.x:
    version "3.0.0"
    resolved "https://registry.yarnpkg.com/color/-/color-3.0.0.tgz#d920b4328d534a3ac8295d68f7bd4ba6c427be9a"
    dependencies:
      color-convert "^1.9.1"
      color-string "^1.5.2"
  
  colors@^1.2.1:
    version "1.4.0"
    resolved "https://registry.yarnpkg.com/colors/-/colors-1.4.0.tgz#c50491479d4c1bdaed2c9ced32cf7c7dc2360f78"
  
  colorspace@1.1.x:
    version "1.1.2"
    resolved "https://registry.yarnpkg.com/colorspace/-/colorspace-1.1.2.tgz#e0128950d082b86a2168580796a0aa5d6c68d8c5"
    dependencies:
      color "3.0.x"
      text-hex "1.0.x"
  
  combined-stream@^1.0.6:
    version "1.0.8"
    resolved "https://registry.yarnpkg.com/combined-stream/-/combined-stream-1.0.8.tgz#c3d45a8b34fd730631a110a8a2520682b31d5a7f"
    dependencies:
      delayed-stream "~1.0.0"
  
  commander@^2.12.1:
    version "2.20.3"
    resolved "https://registry.yarnpkg.com/commander/-/commander-2.20.3.tgz#fd485e84c03eb4881c20722ba48035e8531aeb33"
  
  commondir@^1.0.1:
    version "1.0.1"
    resolved "https://registry.yarnpkg.com/commondir/-/commondir-1.0.1.tgz#ddd800da0c66127393cca5950ea968a3aaf1253b"
  
  component-emitter@^1.2.0:
    version "1.3.0"
    resolved "https://registry.yarnpkg.com/component-emitter/-/component-emitter-1.3.0.tgz#16e4070fba8ae29b679f2215853ee181ab2eabc0"
  
  compressible@~2.0.16:
    version "2.0.18"
    resolved "https://registry.yarnpkg.com/compressible/-/compressible-2.0.18.tgz#af53cca6b070d4c3c0750fbd77286a6d7cc46fba"
    dependencies:
      mime-db ">= 1.43.0 < 2"
  
  compression@^1.7.4:
    version "1.7.4"
    resolved "https://registry.yarnpkg.com/compression/-/compression-1.7.4.tgz#95523eff170ca57c29a0ca41e6fe131f41e5bb8f"
    dependencies:
      accepts "~1.3.5"
      bytes "3.0.0"
      compressible "~2.0.16"
      debug "2.6.9"
      on-headers "~1.0.2"
      safe-buffer "5.1.2"
      vary "~1.1.2"
  
  concat-map@0.0.1:
    version "0.0.1"
    resolved "https://registry.yarnpkg.com/concat-map/-/concat-map-0.0.1.tgz#d8a96bd77fd68df7793a73036a3ba0d5405d477b"
  
  content-disposition@0.5.3:
    version "0.5.3"
    resolved "https://registry.yarnpkg.com/content-disposition/-/content-disposition-0.5.3.tgz#e130caf7e7279087c5616c2007d0485698984fbd"
    dependencies:
      safe-buffer "5.1.2"
  
  content-type@~1.0.4:
    version "1.0.4"
    resolved "https://registry.yarnpkg.com/content-type/-/content-type-1.0.4.tgz#e138cc75e040c727b1966fe5e5f8c9aee256fe3b"
  
  convert-source-map@^1.7.0:
    version "1.7.0"
    resolved "https://registry.yarnpkg.com/convert-source-map/-/convert-source-map-1.7.0.tgz#17a2cb882d7f77d3490585e2ce6c524424a3a442"
    dependencies:
      safe-buffer "~5.1.1"
  
  cookie-signature@1.0.6:
    version "1.0.6"
    resolved "https://registry.yarnpkg.com/cookie-signature/-/cookie-signature-1.0.6.tgz#e303a882b342cc3ee8ca513a79999734dab3ae2c"
  
  cookie@0.4.0:
    version "0.4.0"
    resolved "https://registry.yarnpkg.com/cookie/-/cookie-0.4.0.tgz#beb437e7022b3b6d49019d088665303ebe9c14ba"
  
  cookiejar@^2.1.0, cookiejar@^2.1.1:
    version "2.1.2"
    resolved "https://registry.yarnpkg.com/cookiejar/-/cookiejar-2.1.2.tgz#dd8a235530752f988f9a0844f3fc589e3111125c"
  
  core-util-is@~1.0.0:
    version "1.0.2"
    resolved "https://registry.yarnpkg.com/core-util-is/-/core-util-is-1.0.2.tgz#b5fd54220aa2bc5ab57aab7140c940754503c1a7"
  
  cors@^2.8.5:
    version "2.8.5"
    resolved "https://registry.yarnpkg.com/cors/-/cors-2.8.5.tgz#eac11da51592dd86b9f06f6e7ac293b3df875d29"
    dependencies:
      object-assign "^4"
      vary "^1"
  
  cross-spawn@^7.0.0:
    version "7.0.3"
    resolved "https://registry.yarnpkg.com/cross-spawn/-/cross-spawn-7.0.3.tgz#f73a85b9d5d41d045551c177e2882d4ac85728a6"
    dependencies:
      path-key "^3.1.0"
      shebang-command "^2.0.0"
      which "^2.0.1"
  
  debug@2.6.9:
    version "2.6.9"
    resolved "https://registry.yarnpkg.com/debug/-/debug-2.6.9.tgz#5d128515df134ff327e90a4c93f4e077a536341f"
    dependencies:
      ms "2.0.0"
  
  debug@4.1.1:
    version "4.1.1"
    resolved "https://registry.yarnpkg.com/debug/-/debug-4.1.1.tgz#3b72260255109c6b589cee050f1d516139664791"
    dependencies:
      ms "^2.1.1"
  
  debug@^3.1.0:
    version "3.2.6"
    resolved "https://registry.yarnpkg.com/debug/-/debug-3.2.6.tgz#e83d17de16d8a7efb7717edbe5fb10135eee629b"
    dependencies:
      ms "^2.1.1"
  
  debug@^4.1.0, debug@^4.1.1:
    version "4.2.0"
    resolved "https://registry.yarnpkg.com/debug/-/debug-4.2.0.tgz#7f150f93920e94c58f5574c2fd01a3110effe7f1"
    dependencies:
      ms "2.1.2"
  
  decamelize@^1.2.0:
    version "1.2.0"
    resolved "https://registry.yarnpkg.com/decamelize/-/decamelize-1.2.0.tgz#f6534d15148269b20352e7bee26f501f9a191290"
  
  deep-eql@^3.0.1:
    version "3.0.1"
    resolved "https://registry.yarnpkg.com/deep-eql/-/deep-eql-3.0.1.tgz#dfc9404400ad1c8fe023e7da1df1c147c4b444df"
    dependencies:
      type-detect "^4.0.0"
  
  default-require-extensions@^3.0.0:
    version "3.0.0"
    resolved "https://registry.yarnpkg.com/default-require-extensions/-/default-require-extensions-3.0.0.tgz#e03f93aac9b2b6443fc52e5e4a37b3ad9ad8df96"
    dependencies:
      strip-bom "^4.0.0"
  
  define-properties@^1.1.2, define-properties@^1.1.3:
    version "1.1.3"
    resolved "https://registry.yarnpkg.com/define-properties/-/define-properties-1.1.3.tgz#cf88da6cbee26fe6db7094f61d870cbd84cee9f1"
    dependencies:
      object-keys "^1.0.12"
  
  delayed-stream@~1.0.0:
    version "1.0.0"
    resolved "https://registry.yarnpkg.com/delayed-stream/-/delayed-stream-1.0.0.tgz#df3ae199acadfb7d440aaae0b29e2272b24ec619"
  
  depd@~1.1.2:
    version "1.1.2"
    resolved "https://registry.yarnpkg.com/depd/-/depd-1.1.2.tgz#9bcd52e14c097763e749b274c4346ed2e560b5a9"
  
  destroy@~1.0.4:
    version "1.0.4"
    resolved "https://registry.yarnpkg.com/destroy/-/destroy-1.0.4.tgz#978857442c44749e4206613e37946205826abd80"
  
  diff@4.0.2, diff@^4.0.1:
    version "4.0.2"
    resolved "https://registry.yarnpkg.com/diff/-/diff-4.0.2.tgz#60f3aecb89d5fae520c11aa19efc2bb982aade7d"
  
  dotenv@*, dotenv@^8.2.0:
    version "8.2.0"
    resolved "https://registry.yarnpkg.com/dotenv/-/dotenv-8.2.0.tgz#97e619259ada750eea3e4ea3e26bceea5424b16a"
  
  ee-first@1.1.1:
    version "1.1.1"
    resolved "https://registry.yarnpkg.com/ee-first/-/ee-first-1.1.1.tgz#590c61156b0ae2f4f0255732a158b266bc56b21d"
  
  emoji-regex@^7.0.1:
    version "7.0.3"
    resolved "https://registry.yarnpkg.com/emoji-regex/-/emoji-regex-7.0.3.tgz#933a04052860c85e83c122479c4748a8e4c72156"
  
  emoji-regex@^8.0.0:
    version "8.0.0"
    resolved "https://registry.yarnpkg.com/emoji-regex/-/emoji-regex-8.0.0.tgz#e818fd69ce5ccfcb404594f842963bf53164cc37"
  
  enabled@2.0.x:
    version "2.0.0"
    resolved "https://registry.yarnpkg.com/enabled/-/enabled-2.0.0.tgz#f9dd92ec2d6f4bbc0d5d1e64e21d61cd4665e7c2"
  
  encodeurl@~1.0.2:
    version "1.0.2"
    resolved "https://registry.yarnpkg.com/encodeurl/-/encodeurl-1.0.2.tgz#ad3ff4c86ec2d029322f5a02c3a9a606c95b3f59"
  
  es-abstract@^1.17.0-next.1, es-abstract@^1.17.4, es-abstract@^1.17.5:
    version "1.17.7"
    resolved "https://registry.yarnpkg.com/es-abstract/-/es-abstract-1.17.7.tgz#a4de61b2f66989fc7421676c1cb9787573ace54c"
    dependencies:
      es-to-primitive "^1.2.1"
      function-bind "^1.1.1"
      has "^1.0.3"
      has-symbols "^1.0.1"
      is-callable "^1.2.2"
      is-regex "^1.1.1"
      object-inspect "^1.8.0"
      object-keys "^1.1.1"
      object.assign "^4.1.1"
      string.prototype.trimend "^1.0.1"
      string.prototype.trimstart "^1.0.1"
  
  es-abstract@^1.18.0-next.0:
    version "1.18.0-next.1"
    resolved "https://registry.yarnpkg.com/es-abstract/-/es-abstract-1.18.0-next.1.tgz#6e3a0a4bda717e5023ab3b8e90bec36108d22c68"
    dependencies:
      es-to-primitive "^1.2.1"
      function-bind "^1.1.1"
      has "^1.0.3"
      has-symbols "^1.0.1"
      is-callable "^1.2.2"
      is-negative-zero "^2.0.0"
      is-regex "^1.1.1"
      object-inspect "^1.8.0"
      object-keys "^1.1.1"
      object.assign "^4.1.1"
      string.prototype.trimend "^1.0.1"
      string.prototype.trimstart "^1.0.1"
  
  es-array-method-boxes-properly@^1.0.0:
    version "1.0.0"
    resolved "https://registry.yarnpkg.com/es-array-method-boxes-properly/-/es-array-method-boxes-properly-1.0.0.tgz#873f3e84418de4ee19c5be752990b2e44718d09e"
  
  es-get-iterator@^1.0.2:
    version "1.1.0"
    resolved "https://registry.yarnpkg.com/es-get-iterator/-/es-get-iterator-1.1.0.tgz#bb98ad9d6d63b31aacdc8f89d5d0ee57bcb5b4c8"
    dependencies:
      es-abstract "^1.17.4"
      has-symbols "^1.0.1"
      is-arguments "^1.0.4"
      is-map "^2.0.1"
      is-set "^2.0.1"
      is-string "^1.0.5"
      isarray "^2.0.5"
  
  es-to-primitive@^1.2.1:
    version "1.2.1"
    resolved "https://registry.yarnpkg.com/es-to-primitive/-/es-to-primitive-1.2.1.tgz#e55cd4c9cdc188bcefb03b366c736323fc5c898a"
    dependencies:
      is-callable "^1.1.4"
      is-date-object "^1.0.1"
      is-symbol "^1.0.2"
  
  es6-error@^4.0.1:
    version "4.1.1"
    resolved "https://registry.yarnpkg.com/es6-error/-/es6-error-4.1.1.tgz#9e3af407459deed47e9a91f9b885a84eb05c561d"
  
  escape-html@~1.0.3:
    version "1.0.3"
    resolved "https://registry.yarnpkg.com/escape-html/-/escape-html-1.0.3.tgz#0258eae4d3d0c0974de1c169188ef0051d1d1988"
  
  escape-string-regexp@4.0.0:
    version "4.0.0"
    resolved "https://registry.yarnpkg.com/escape-string-regexp/-/escape-string-regexp-4.0.0.tgz#14ba83a5d373e3d311e5afca29cf5bfad965bf34"
  
  escape-string-regexp@^1.0.5:
    version "1.0.5"
    resolved "https://registry.yarnpkg.com/escape-string-regexp/-/escape-string-regexp-1.0.5.tgz#1b61c0562190a8dff6ae3bb2cf0200ca130b86d4"
  
  esprima@^4.0.0:
    version "4.0.1"
    resolved "https://registry.yarnpkg.com/esprima/-/esprima-4.0.1.tgz#13b04cdb3e6c5d19df91ab6987a8695619b0aa71"
  
  etag@~1.8.1:
    version "1.8.1"
    resolved "https://registry.yarnpkg.com/etag/-/etag-1.8.1.tgz#41ae2eeb65efa62268aebfea83ac7d79299b0887"
  
  express-validator@*, express-validator@^6.6.1:
    version "6.6.1"
    resolved "https://registry.yarnpkg.com/express-validator/-/express-validator-6.6.1.tgz#c53046f615d27fcb78be786e018dcd60bd9c6c5c"
    dependencies:
      lodash "^4.17.19"
      validator "^13.1.1"
  
  express@^4.17.1:
    version "4.17.1"
    resolved "https://registry.yarnpkg.com/express/-/express-4.17.1.tgz#4491fc38605cf51f8629d39c2b5d026f98a4c134"
    dependencies:
      accepts "~1.3.7"
      array-flatten "1.1.1"
      body-parser "1.19.0"
      content-disposition "0.5.3"
      content-type "~1.0.4"
      cookie "0.4.0"
      cookie-signature "1.0.6"
      debug "2.6.9"
      depd "~1.1.2"
      encodeurl "~1.0.2"
      escape-html "~1.0.3"
      etag "~1.8.1"
      finalhandler "~1.1.2"
      fresh "0.5.2"
      merge-descriptors "1.0.1"
      methods "~1.1.2"
      on-finished "~2.3.0"
      parseurl "~1.3.3"
      path-to-regexp "0.1.7"
      proxy-addr "~2.0.5"
      qs "6.7.0"
      range-parser "~1.2.1"
      safe-buffer "5.1.2"
      send "0.17.1"
      serve-static "1.14.1"
      setprototypeof "1.1.1"
      statuses "~1.5.0"
      type-is "~1.6.18"
      utils-merge "1.0.1"
      vary "~1.1.2"
  
  extend@^3.0.0:
    version "3.0.2"
    resolved "https://registry.yarnpkg.com/extend/-/extend-3.0.2.tgz#f8b1136b4071fbd8eb140aff858b1019ec2915fa"
  
  fast-safe-stringify@^2.0.4:
    version "2.0.7"
    resolved "https://registry.yarnpkg.com/fast-safe-stringify/-/fast-safe-stringify-2.0.7.tgz#124aa885899261f68aedb42a7c080de9da608743"
  
  fecha@^4.2.0:
    version "4.2.0"
    resolved "https://registry.yarnpkg.com/fecha/-/fecha-4.2.0.tgz#3ffb6395453e3f3efff850404f0a59b6747f5f41"
  
  fill-range@^7.0.1:
    version "7.0.1"
    resolved "https://registry.yarnpkg.com/fill-range/-/fill-range-7.0.1.tgz#1919a6a7c75fe38b2c7c77e5198535da9acdda40"
    dependencies:
      to-regex-range "^5.0.1"
  
  finalhandler@~1.1.2:
    version "1.1.2"
    resolved "https://registry.yarnpkg.com/finalhandler/-/finalhandler-1.1.2.tgz#b7e7d000ffd11938d0fdb053506f6ebabe9f587d"
    dependencies:
      debug "2.6.9"
      encodeurl "~1.0.2"
      escape-html "~1.0.3"
      on-finished "~2.3.0"
      parseurl "~1.3.3"
      statuses "~1.5.0"
      unpipe "~1.0.0"
  
  find-cache-dir@^3.2.0:
    version "3.3.1"
    resolved "https://registry.yarnpkg.com/find-cache-dir/-/find-cache-dir-3.3.1.tgz#89b33fad4a4670daa94f855f7fbe31d6d84fe880"
    dependencies:
      commondir "^1.0.1"
      make-dir "^3.0.2"
      pkg-dir "^4.1.0"
  
  find-up@5.0.0:
    version "5.0.0"
    resolved "https://registry.yarnpkg.com/find-up/-/find-up-5.0.0.tgz#4c92819ecb7083561e4f4a240a86be5198f536fc"
    dependencies:
      locate-path "^6.0.0"
      path-exists "^4.0.0"
  
  find-up@^3.0.0:
    version "3.0.0"
    resolved "https://registry.yarnpkg.com/find-up/-/find-up-3.0.0.tgz#49169f1d7993430646da61ecc5ae355c21c97b73"
    dependencies:
      locate-path "^3.0.0"
  
  find-up@^4.0.0, find-up@^4.1.0:
    version "4.1.0"
    resolved "https://registry.yarnpkg.com/find-up/-/find-up-4.1.0.tgz#97afe7d6cdc0bc5928584b7c8d7b16e8a9aa5d19"
    dependencies:
      locate-path "^5.0.0"
      path-exists "^4.0.0"
  
  flat@^4.1.0:
    version "4.1.0"
    resolved "https://registry.yarnpkg.com/flat/-/flat-4.1.0.tgz#090bec8b05e39cba309747f1d588f04dbaf98db2"
    dependencies:
      is-buffer "~2.0.3"
  
  fn.name@1.x.x:
    version "1.1.0"
    resolved "https://registry.yarnpkg.com/fn.name/-/fn.name-1.1.0.tgz#26cad8017967aea8731bc42961d04a3d5988accc"
  
  foreground-child@^2.0.0:
    version "2.0.0"
    resolved "https://registry.yarnpkg.com/foreground-child/-/foreground-child-2.0.0.tgz#71b32800c9f15aa8f2f83f4a6bd9bff35d861a53"
    dependencies:
      cross-spawn "^7.0.0"
      signal-exit "^3.0.2"
  
  form-data@^2.3.1:
    version "2.5.1"
    resolved "https://registry.yarnpkg.com/form-data/-/form-data-2.5.1.tgz#f2cbec57b5e59e23716e128fe44d4e5dd23895f4"
    dependencies:
      asynckit "^0.4.0"
      combined-stream "^1.0.6"
      mime-types "^2.1.12"
  
  formidable@^1.2.0:
    version "1.2.2"
    resolved "https://registry.yarnpkg.com/formidable/-/formidable-1.2.2.tgz#bf69aea2972982675f00865342b982986f6b8dd9"
  
  forwarded@~0.1.2:
    version "0.1.2"
    resolved "https://registry.yarnpkg.com/forwarded/-/forwarded-0.1.2.tgz#98c23dab1175657b8c0573e8ceccd91b0ff18c84"
  
  fresh@0.5.2:
    version "0.5.2"
    resolved "https://registry.yarnpkg.com/fresh/-/fresh-0.5.2.tgz#3d8cadd90d976569fa835ab1f8e4b23a105605a7"
  
  fromentries@^1.2.0:
    version "1.2.1"
    resolved "https://registry.yarnpkg.com/fromentries/-/fromentries-1.2.1.tgz#64c31665630479bc993cd800d53387920dc61b4d"
  
  fs.realpath@^1.0.0:
    version "1.0.0"
    resolved "https://registry.yarnpkg.com/fs.realpath/-/fs.realpath-1.0.0.tgz#1504ad2523158caa40db4a2787cb01411994ea4f"
  
  fsevents@~2.1.2:
    version "2.1.3"
    resolved "https://registry.yarnpkg.com/fsevents/-/fsevents-2.1.3.tgz#fb738703ae8d2f9fe900c33836ddebee8b97f23e"
  
  function-bind@^1.1.1:
    version "1.1.1"
    resolved "https://registry.yarnpkg.com/function-bind/-/function-bind-1.1.1.tgz#a56899d3ea3c9bab874bb9773b7c5ede92f4895d"
  
  gensync@^1.0.0-beta.1:
    version "1.0.0-beta.1"
    resolved "https://registry.yarnpkg.com/gensync/-/gensync-1.0.0-beta.1.tgz#58f4361ff987e5ff6e1e7a210827aa371eaac269"
  
  get-caller-file@^2.0.1:
    version "2.0.5"
    resolved "https://registry.yarnpkg.com/get-caller-file/-/get-caller-file-2.0.5.tgz#4f94412a82db32f36e3b0b9741f8a97feb031f7e"
  
  get-func-name@^2.0.0:
    version "2.0.0"
    resolved "https://registry.yarnpkg.com/get-func-name/-/get-func-name-2.0.0.tgz#ead774abee72e20409433a066366023dd6887a41"
  
  get-package-type@^0.1.0:
    version "0.1.0"
    resolved "https://registry.yarnpkg.com/get-package-type/-/get-package-type-0.1.0.tgz#8de2d803cff44df3bc6c456e6668b36c3926e11a"
  
  glob-parent@~5.1.0:
    version "5.1.1"
    resolved "https://registry.yarnpkg.com/glob-parent/-/glob-parent-5.1.1.tgz#b6c1ef417c4e5663ea498f1c45afac6916bbc229"
    dependencies:
      is-glob "^4.0.1"
  
  glob@7.1.6, glob@^7.1.1, glob@^7.1.3, glob@^7.1.4, glob@^7.1.6:
    version "7.1.6"
    resolved "https://registry.yarnpkg.com/glob/-/glob-7.1.6.tgz#141f33b81a7c2492e125594307480c46679278a6"
    dependencies:
      fs.realpath "^1.0.0"
      inflight "^1.0.4"
      inherits "2"
      minimatch "^3.0.4"
      once "^1.3.0"
      path-is-absolute "^1.0.0"
  
  globals@^11.1.0:
    version "11.12.0"
    resolved "https://registry.yarnpkg.com/globals/-/globals-11.12.0.tgz#ab8795338868a0babd8525758018c2a7eb95c42e"
  
  graceful-fs@^4.1.15:
    version "4.2.4"
    resolved "https://registry.yarnpkg.com/graceful-fs/-/graceful-fs-4.2.4.tgz#2256bde14d3632958c465ebc96dc467ca07a29fb"
  
  growl@1.10.5:
    version "1.10.5"
    resolved "https://registry.yarnpkg.com/growl/-/growl-1.10.5.tgz#f2735dc2283674fa67478b10181059355c369e5e"
  
  has-flag@^3.0.0:
    version "3.0.0"
    resolved "https://registry.yarnpkg.com/has-flag/-/has-flag-3.0.0.tgz#b5d454dc2199ae225699f3467e5a07f3b955bafd"
  
  has-flag@^4.0.0:
    version "4.0.0"
    resolved "https://registry.yarnpkg.com/has-flag/-/has-flag-4.0.0.tgz#944771fd9c81c81265c4d6941860da06bb59479b"
  
  has-symbols@^1.0.0, has-symbols@^1.0.1:
    version "1.0.1"
    resolved "https://registry.yarnpkg.com/has-symbols/-/has-symbols-1.0.1.tgz#9f5214758a44196c406d9bd76cebf81ec2dd31e8"
  
  has@^1.0.3:
    version "1.0.3"
    resolved "https://registry.yarnpkg.com/has/-/has-1.0.3.tgz#722d7cbfc1f6aa8241f16dd814e011e1f41e8796"
    dependencies:
      function-bind "^1.1.1"
  
  hasha@^5.0.0:
    version "5.2.1"
    resolved "https://registry.yarnpkg.com/hasha/-/hasha-5.2.1.tgz#0e5b492aa40de3819e80955f221d2fccef55b5aa"
    dependencies:
      is-stream "^2.0.0"
      type-fest "^0.8.0"
  
  he@1.2.0:
    version "1.2.0"
    resolved "https://registry.yarnpkg.com/he/-/he-1.2.0.tgz#84ae65fa7eafb165fddb61566ae14baf05664f0f"
  
  helmet@^4.1.1:
    version "4.1.1"
    resolved "https://registry.yarnpkg.com/helmet/-/helmet-4.1.1.tgz#751f0e273d809ace9c172073e0003bed27d27a4a"
  
  html-escaper@^2.0.0:
    version "2.0.2"
    resolved "https://registry.yarnpkg.com/html-escaper/-/html-escaper-2.0.2.tgz#dfd60027da36a36dfcbe236262c00a5822681453"
  
  http-errors@1.7.2:
    version "1.7.2"
    resolved "https://registry.yarnpkg.com/http-errors/-/http-errors-1.7.2.tgz#4f5029cf13239f31036e5b2e55292bcfbcc85c8f"
    dependencies:
      depd "~1.1.2"
      inherits "2.0.3"
      setprototypeof "1.1.1"
      statuses ">= 1.5.0 < 2"
      toidentifier "1.0.0"
  
  http-errors@~1.7.2:
    version "1.7.3"
    resolved "https://registry.yarnpkg.com/http-errors/-/http-errors-1.7.3.tgz#6c619e4f9c60308c38519498c14fbb10aacebb06"
    dependencies:
      depd "~1.1.2"
      inherits "2.0.4"
      setprototypeof "1.1.1"
      statuses ">= 1.5.0 < 2"
      toidentifier "1.0.0"
  
  iconv-lite@0.4.24:
    version "0.4.24"
    resolved "https://registry.yarnpkg.com/iconv-lite/-/iconv-lite-0.4.24.tgz#2022b4b25fbddc21d2f524974a474aafe733908b"
    dependencies:
      safer-buffer ">= 2.1.2 < 3"
  
  imurmurhash@^0.1.4:
    version "0.1.4"
    resolved "https://registry.yarnpkg.com/imurmurhash/-/imurmurhash-0.1.4.tgz#9218b9b2b928a238b13dc4fb6b6d576f231453ea"
  
  indent-string@^4.0.0:
    version "4.0.0"
    resolved "https://registry.yarnpkg.com/indent-string/-/indent-string-4.0.0.tgz#624f8f4497d619b2d9768531d58f4122854d7251"
  
  inflight@^1.0.4:
    version "1.0.6"
    resolved "https://registry.yarnpkg.com/inflight/-/inflight-1.0.6.tgz#49bd6331d7d02d0c09bc910a1075ba8165b56df9"
    dependencies:
      once "^1.3.0"
      wrappy "1"
  
  inherits@2, inherits@2.0.4, inherits@^2.0.3, inherits@~2.0.3:
    version "2.0.4"
    resolved "https://registry.yarnpkg.com/inherits/-/inherits-2.0.4.tgz#0fa2c64f932917c3433a0ded55363aae37416b7c"
  
  inherits@2.0.3:
    version "2.0.3"
    resolved "https://registry.yarnpkg.com/inherits/-/inherits-2.0.3.tgz#633c2c83e3da42a502f52466022480f4208261de"
  
  ip-regex@^2.0.0:
    version "2.1.0"
    resolved "https://registry.yarnpkg.com/ip-regex/-/ip-regex-2.1.0.tgz#fa78bf5d2e6913c911ce9f819ee5146bb6d844e9"
  
  ipaddr.js@1.9.1:
    version "1.9.1"
    resolved "https://registry.yarnpkg.com/ipaddr.js/-/ipaddr.js-1.9.1.tgz#bff38543eeb8984825079ff3a2a8e6cbd46781b3"
  
  is-arguments@^1.0.4:
    version "1.0.4"
    resolved "https://registry.yarnpkg.com/is-arguments/-/is-arguments-1.0.4.tgz#3faf966c7cba0ff437fb31f6250082fcf0448cf3"
  
  is-arrayish@^0.3.1:
    version "0.3.2"
    resolved "https://registry.yarnpkg.com/is-arrayish/-/is-arrayish-0.3.2.tgz#4574a2ae56f7ab206896fb431eaeed066fdf8f03"
  
  is-binary-path@~2.1.0:
    version "2.1.0"
    resolved "https://registry.yarnpkg.com/is-binary-path/-/is-binary-path-2.1.0.tgz#ea1f7f3b80f064236e83470f86c09c254fb45b09"
    dependencies:
      binary-extensions "^2.0.0"
  
  is-buffer@~2.0.3:
    version "2.0.4"
    resolved "https://registry.yarnpkg.com/is-buffer/-/is-buffer-2.0.4.tgz#3e572f23c8411a5cfd9557c849e3665e0b290623"
  
  is-callable@^1.1.4, is-callable@^1.2.2:
    version "1.2.2"
    resolved "https://registry.yarnpkg.com/is-callable/-/is-callable-1.2.2.tgz#c7c6715cd22d4ddb48d3e19970223aceabb080d9"
  
  is-date-object@^1.0.1:
    version "1.0.2"
    resolved "https://registry.yarnpkg.com/is-date-object/-/is-date-object-1.0.2.tgz#bda736f2cd8fd06d32844e7743bfa7494c3bfd7e"
  
  is-extglob@^2.1.1:
    version "2.1.1"
    resolved "https://registry.yarnpkg.com/is-extglob/-/is-extglob-2.1.1.tgz#a88c02535791f02ed37c76a1b9ea9773c833f8c2"
  
  is-fullwidth-code-point@^2.0.0:
    version "2.0.0"
    resolved "https://registry.yarnpkg.com/is-fullwidth-code-point/-/is-fullwidth-code-point-2.0.0.tgz#a3b30a5c4f199183167aaab93beefae3ddfb654f"
  
  is-fullwidth-code-point@^3.0.0:
    version "3.0.0"
    resolved "https://registry.yarnpkg.com/is-fullwidth-code-point/-/is-fullwidth-code-point-3.0.0.tgz#f116f8064fe90b3f7844a38997c0b75051269f1d"
  
  is-glob@^4.0.1, is-glob@~4.0.1:
    version "4.0.1"
    resolved "https://registry.yarnpkg.com/is-glob/-/is-glob-4.0.1.tgz#7567dbe9f2f5e2467bc77ab83c4a29482407a5dc"
    dependencies:
      is-extglob "^2.1.1"
  
  is-ip@^2.0.0:
    version "2.0.0"
    resolved "https://registry.yarnpkg.com/is-ip/-/is-ip-2.0.0.tgz#68eea07e8a0a0a94c2d080dd674c731ab2a461ab"
    dependencies:
      ip-regex "^2.0.0"
  
  is-map@^2.0.1:
    version "2.0.1"
    resolved "https://registry.yarnpkg.com/is-map/-/is-map-2.0.1.tgz#520dafc4307bb8ebc33b813de5ce7c9400d644a1"
  
  is-negative-zero@^2.0.0:
    version "2.0.0"
    resolved "https://registry.yarnpkg.com/is-negative-zero/-/is-negative-zero-2.0.0.tgz#9553b121b0fac28869da9ed459e20c7543788461"
  
  is-number@^7.0.0:
    version "7.0.0"
    resolved "https://registry.yarnpkg.com/is-number/-/is-number-7.0.0.tgz#7535345b896734d5f80c4d06c50955527a14f12b"
  
  is-plain-obj@^1.1.0:
    version "1.1.0"
    resolved "https://registry.yarnpkg.com/is-plain-obj/-/is-plain-obj-1.1.0.tgz#71a50c8429dfca773c92a390a4a03b39fcd51d3e"
  
  is-regex@^1.1.1:
    version "1.1.1"
    resolved "https://registry.yarnpkg.com/is-regex/-/is-regex-1.1.1.tgz#c6f98aacc546f6cec5468a07b7b153ab564a57b9"
    dependencies:
      has-symbols "^1.0.1"
  
  is-set@^2.0.1:
    version "2.0.1"
    resolved "https://registry.yarnpkg.com/is-set/-/is-set-2.0.1.tgz#d1604afdab1724986d30091575f54945da7e5f43"
  
  is-stream@^2.0.0:
    version "2.0.0"
    resolved "https://registry.yarnpkg.com/is-stream/-/is-stream-2.0.0.tgz#bde9c32680d6fae04129d6ac9d921ce7815f78e3"
  
  is-string@^1.0.4, is-string@^1.0.5:
    version "1.0.5"
    resolved "https://registry.yarnpkg.com/is-string/-/is-string-1.0.5.tgz#40493ed198ef3ff477b8c7f92f644ec82a5cd3a6"
  
  is-symbol@^1.0.2:
    version "1.0.3"
    resolved "https://registry.yarnpkg.com/is-symbol/-/is-symbol-1.0.3.tgz#38e1014b9e6329be0de9d24a414fd7441ec61937"
    dependencies:
      has-symbols "^1.0.1"
  
  is-typedarray@^1.0.0:
    version "1.0.0"
    resolved "https://registry.yarnpkg.com/is-typedarray/-/is-typedarray-1.0.0.tgz#e479c80858df0c1b11ddda6940f96011fcda4a9a"
  
  is-windows@^1.0.2:
    version "1.0.2"
    resolved "https://registry.yarnpkg.com/is-windows/-/is-windows-1.0.2.tgz#d1850eb9791ecd18e6182ce12a30f396634bb19d"
  
  isarray@^2.0.5:
    version "2.0.5"
    resolved "https://registry.yarnpkg.com/isarray/-/isarray-2.0.5.tgz#8af1e4c1221244cc62459faf38940d4e644a5723"
  
  isarray@~1.0.0:
    version "1.0.0"
    resolved "https://registry.yarnpkg.com/isarray/-/isarray-1.0.0.tgz#bb935d48582cba168c06834957a54a3e07124f11"
  
  isexe@^2.0.0:
    version "2.0.0"
    resolved "https://registry.yarnpkg.com/isexe/-/isexe-2.0.0.tgz#e8fbf374dc556ff8947a10dcb0572d633f2cfa10"
  
  istanbul-lib-coverage@^3.0.0, istanbul-lib-coverage@^3.0.0-alpha.1:
    version "3.0.0"
    resolved "https://registry.yarnpkg.com/istanbul-lib-coverage/-/istanbul-lib-coverage-3.0.0.tgz#f5944a37c70b550b02a78a5c3b2055b280cec8ec"
  
  istanbul-lib-hook@^3.0.0:
    version "3.0.0"
    resolved "https://registry.yarnpkg.com/istanbul-lib-hook/-/istanbul-lib-hook-3.0.0.tgz#8f84c9434888cc6b1d0a9d7092a76d239ebf0cc6"
    dependencies:
      append-transform "^2.0.0"
  
  istanbul-lib-instrument@^4.0.0:
    version "4.0.3"
    resolved "https://registry.yarnpkg.com/istanbul-lib-instrument/-/istanbul-lib-instrument-4.0.3.tgz#873c6fff897450118222774696a3f28902d77c1d"
    dependencies:
      "@babel/core" "^7.7.5"
      "@istanbuljs/schema" "^0.1.2"
      istanbul-lib-coverage "^3.0.0"
      semver "^6.3.0"
  
  istanbul-lib-processinfo@^2.0.2:
    version "2.0.2"
    resolved "https://registry.yarnpkg.com/istanbul-lib-processinfo/-/istanbul-lib-processinfo-2.0.2.tgz#e1426514662244b2f25df728e8fd1ba35fe53b9c"
    dependencies:
      archy "^1.0.0"
      cross-spawn "^7.0.0"
      istanbul-lib-coverage "^3.0.0-alpha.1"
      make-dir "^3.0.0"
      p-map "^3.0.0"
      rimraf "^3.0.0"
      uuid "^3.3.3"
  
  istanbul-lib-report@^3.0.0:
    version "3.0.0"
    resolved "https://registry.yarnpkg.com/istanbul-lib-report/-/istanbul-lib-report-3.0.0.tgz#7518fe52ea44de372f460a76b5ecda9ffb73d8a6"
    dependencies:
      istanbul-lib-coverage "^3.0.0"
      make-dir "^3.0.0"
      supports-color "^7.1.0"
  
  istanbul-lib-source-maps@^4.0.0:
    version "4.0.0"
    resolved "https://registry.yarnpkg.com/istanbul-lib-source-maps/-/istanbul-lib-source-maps-4.0.0.tgz#75743ce6d96bb86dc7ee4352cf6366a23f0b1ad9"
    dependencies:
      debug "^4.1.1"
      istanbul-lib-coverage "^3.0.0"
      source-map "^0.6.1"
  
  istanbul-reports@^3.0.2:
    version "3.0.2"
    resolved "https://registry.yarnpkg.com/istanbul-reports/-/istanbul-reports-3.0.2.tgz#d593210e5000683750cb09fc0644e4b6e27fd53b"
    dependencies:
      html-escaper "^2.0.0"
      istanbul-lib-report "^3.0.0"
  
  iterate-iterator@^1.0.1:
    version "1.0.1"
    resolved "https://registry.yarnpkg.com/iterate-iterator/-/iterate-iterator-1.0.1.tgz#1693a768c1ddd79c969051459453f082fe82e9f6"
  
  iterate-value@^1.0.0:
    version "1.0.2"
    resolved "https://registry.yarnpkg.com/iterate-value/-/iterate-value-1.0.2.tgz#935115bd37d006a52046535ebc8d07e9c9337f57"
    dependencies:
      es-get-iterator "^1.0.2"
      iterate-iterator "^1.0.1"
  
  js-tokens@^4.0.0:
    version "4.0.0"
    resolved "https://registry.yarnpkg.com/js-tokens/-/js-tokens-4.0.0.tgz#19203fb59991df98e3a287050d4647cdeaf32499"
  
  js-yaml@3.14.0, js-yaml@^3.13.1:
    version "3.14.0"
    resolved "https://registry.yarnpkg.com/js-yaml/-/js-yaml-3.14.0.tgz#a7a34170f26a21bb162424d8adacb4113a69e482"
    dependencies:
      argparse "^1.0.7"
      esprima "^4.0.0"
  
  jsesc@^2.5.1:
    version "2.5.2"
    resolved "https://registry.yarnpkg.com/jsesc/-/jsesc-2.5.2.tgz#80564d2e483dacf6e8ef209650a67df3f0c283a4"
  
  json5@^2.1.2:
    version "2.1.3"
    resolved "https://registry.yarnpkg.com/json5/-/json5-2.1.3.tgz#c9b0f7fa9233bfe5807fe66fcf3a5617ed597d43"
    dependencies:
      minimist "^1.2.5"
  
  kuler@^2.0.0:
    version "2.0.0"
    resolved "https://registry.yarnpkg.com/kuler/-/kuler-2.0.0.tgz#e2c570a3800388fb44407e851531c1d670b061b3"
  
  locate-path@^3.0.0:
    version "3.0.0"
    resolved "https://registry.yarnpkg.com/locate-path/-/locate-path-3.0.0.tgz#dbec3b3ab759758071b58fe59fc41871af21400e"
    dependencies:
      p-locate "^3.0.0"
      path-exists "^3.0.0"
  
  locate-path@^5.0.0:
    version "5.0.0"
    resolved "https://registry.yarnpkg.com/locate-path/-/locate-path-5.0.0.tgz#1afba396afd676a6d42504d0a67a3a7eb9f62aa0"
    dependencies:
      p-locate "^4.1.0"
  
  locate-path@^6.0.0:
    version "6.0.0"
    resolved "https://registry.yarnpkg.com/locate-path/-/locate-path-6.0.0.tgz#55321eb309febbc59c4801d931a72452a681d286"
    dependencies:
      p-locate "^5.0.0"
  
  lodash.flattendeep@^4.4.0:
    version "4.4.0"
    resolved "https://registry.yarnpkg.com/lodash.flattendeep/-/lodash.flattendeep-4.4.0.tgz#fb030917f86a3134e5bc9bec0d69e0013ddfedb2"
  
  lodash@^4.17.19:
    version "4.17.20"
    resolved "https://registry.yarnpkg.com/lodash/-/lodash-4.17.20.tgz#b44a9b6297bcb698f1c51a3545a2b3b368d59c52"
  
  log-symbols@4.0.0:
    version "4.0.0"
    resolved "https://registry.yarnpkg.com/log-symbols/-/log-symbols-4.0.0.tgz#69b3cc46d20f448eccdb75ea1fa733d9e821c920"
    dependencies:
      chalk "^4.0.0"
  
  logform@^2.2.0:
    version "2.2.0"
    resolved "https://registry.yarnpkg.com/logform/-/logform-2.2.0.tgz#40f036d19161fc76b68ab50fdc7fe495544492f2"
    dependencies:
      colors "^1.2.1"
      fast-safe-stringify "^2.0.4"
      fecha "^4.2.0"
      ms "^2.1.1"
      triple-beam "^1.3.0"
  
  make-dir@^3.0.0, make-dir@^3.0.2:
    version "3.1.0"
    resolved "https://registry.yarnpkg.com/make-dir/-/make-dir-3.1.0.tgz#415e967046b3a7f1d185277d84aa58203726a13f"
    dependencies:
      semver "^6.0.0"
  
  make-error@^1.1.1:
    version "1.3.6"
    resolved "https://registry.yarnpkg.com/make-error/-/make-error-1.3.6.tgz#2eb2e37ea9b67c4891f684a1394799af484cf7a2"
  
  media-typer@0.3.0:
    version "0.3.0"
    resolved "https://registry.yarnpkg.com/media-typer/-/media-typer-0.3.0.tgz#8710d7af0aa626f8fffa1ce00168545263255748"
  
  merge-descriptors@1.0.1:
    version "1.0.1"
    resolved "https://registry.yarnpkg.com/merge-descriptors/-/merge-descriptors-1.0.1.tgz#b00aaa556dd8b44568150ec9d1b953f3f90cbb61"
  
  methods@^1.1.1, methods@^1.1.2, methods@~1.1.2:
    version "1.1.2"
    resolved "https://registry.yarnpkg.com/methods/-/methods-1.1.2.tgz#5529a4d67654134edcc5266656835b0f851afcee"
  
  mime-db@1.44.0:
    version "1.44.0"
    resolved "https://registry.yarnpkg.com/mime-db/-/mime-db-1.44.0.tgz#fa11c5eb0aca1334b4233cb4d52f10c5a6272f92"
  
  "mime-db@>= 1.43.0 < 2":
    version "1.45.0"
    resolved "https://registry.yarnpkg.com/mime-db/-/mime-db-1.45.0.tgz#cceeda21ccd7c3a745eba2decd55d4b73e7879ea"
  
  mime-types@^2.1.12, mime-types@~2.1.24:
    version "2.1.27"
    resolved "https://registry.yarnpkg.com/mime-types/-/mime-types-2.1.27.tgz#47949f98e279ea53119f5722e0f34e529bec009f"
    dependencies:
      mime-db "1.44.0"
  
  mime@1.6.0, mime@^1.4.1:
    version "1.6.0"
    resolved "https://registry.yarnpkg.com/mime/-/mime-1.6.0.tgz#32cd9e5c64553bd58d19a568af452acff04981b1"
  
  minimatch@3.0.4, minimatch@^3.0.4:
    version "3.0.4"
    resolved "https://registry.yarnpkg.com/minimatch/-/minimatch-3.0.4.tgz#5166e286457f03306064be5497e8dbb0c3d32083"
    dependencies:
      brace-expansion "^1.1.7"
  
  minimist@^1.2.5:
    version "1.2.5"
    resolved "https://registry.yarnpkg.com/minimist/-/minimist-1.2.5.tgz#67d66014b66a6a8aaa0c083c5fd58df4e4e97602"
  
  mkdirp@^0.5.3:
    version "0.5.5"
    resolved "https://registry.yarnpkg.com/mkdirp/-/mkdirp-0.5.5.tgz#d91cefd62d1436ca0f41620e251288d420099def"
    dependencies:
      minimist "^1.2.5"
  
  mocha@^8.1.3:
    version "8.1.3"
    resolved "https://registry.yarnpkg.com/mocha/-/mocha-8.1.3.tgz#5e93f873e35dfdd69617ea75f9c68c2ca61c2ac5"
    dependencies:
      ansi-colors "4.1.1"
      browser-stdout "1.3.1"
      chokidar "3.4.2"
      debug "4.1.1"
      diff "4.0.2"
      escape-string-regexp "4.0.0"
      find-up "5.0.0"
      glob "7.1.6"
      growl "1.10.5"
      he "1.2.0"
      js-yaml "3.14.0"
      log-symbols "4.0.0"
      minimatch "3.0.4"
      ms "2.1.2"
      object.assign "4.1.0"
      promise.allsettled "1.0.2"
      serialize-javascript "4.0.0"
      strip-json-comments "3.0.1"
      supports-color "7.1.0"
      which "2.0.2"
      wide-align "1.1.3"
      workerpool "6.0.0"
      yargs "13.3.2"
      yargs-parser "13.1.2"
      yargs-unparser "1.6.1"
  
  ms@2.0.0:
    version "2.0.0"
    resolved "https://registry.yarnpkg.com/ms/-/ms-2.0.0.tgz#5608aeadfc00be6c2901df5f9861788de0d597c8"
  
  ms@2.1.1:
    version "2.1.1"
    resolved "https://registry.yarnpkg.com/ms/-/ms-2.1.1.tgz#30a5864eb3ebb0a66f2ebe6d727af06a09d86e0a"
  
  ms@2.1.2, ms@^2.1.1:
    version "2.1.2"
    resolved "https://registry.yarnpkg.com/ms/-/ms-2.1.2.tgz#d09d1f357b443f493382a8eb3ccd183872ae6009"
  
  negotiator@0.6.2:
    version "0.6.2"
    resolved "https://registry.yarnpkg.com/negotiator/-/negotiator-0.6.2.tgz#feacf7ccf525a77ae9634436a64883ffeca346fb"
  
  node-preload@^0.2.1:
    version "0.2.1"
    resolved "https://registry.yarnpkg.com/node-preload/-/node-preload-0.2.1.tgz#c03043bb327f417a18fee7ab7ee57b408a144301"
    dependencies:
      process-on-spawn "^1.0.0"
  
  normalize-path@^3.0.0, normalize-path@~3.0.0:
    version "3.0.0"
    resolved "https://registry.yarnpkg.com/normalize-path/-/normalize-path-3.0.0.tgz#0dcd69ff23a1c9b11fd0978316644a0388216a65"
  
  nyc@^15.1.0:
    version "15.1.0"
    resolved "https://registry.yarnpkg.com/nyc/-/nyc-15.1.0.tgz#1335dae12ddc87b6e249d5a1994ca4bdaea75f02"
    dependencies:
      "@istanbuljs/load-nyc-config" "^1.0.0"
      "@istanbuljs/schema" "^0.1.2"
      caching-transform "^4.0.0"
      convert-source-map "^1.7.0"
      decamelize "^1.2.0"
      find-cache-dir "^3.2.0"
      find-up "^4.1.0"
      foreground-child "^2.0.0"
      get-package-type "^0.1.0"
      glob "^7.1.6"
      istanbul-lib-coverage "^3.0.0"
      istanbul-lib-hook "^3.0.0"
      istanbul-lib-instrument "^4.0.0"
      istanbul-lib-processinfo "^2.0.2"
      istanbul-lib-report "^3.0.0"
      istanbul-lib-source-maps "^4.0.0"
      istanbul-reports "^3.0.2"
      make-dir "^3.0.0"
      node-preload "^0.2.1"
      p-map "^3.0.0"
      process-on-spawn "^1.0.0"
      resolve-from "^5.0.0"
      rimraf "^3.0.0"
      signal-exit "^3.0.2"
      spawn-wrap "^2.0.0"
      test-exclude "^6.0.0"
      yargs "^15.0.2"
  
  object-assign@^4:
    version "4.1.1"
    resolved "https://registry.yarnpkg.com/object-assign/-/object-assign-4.1.1.tgz#2109adc7965887cfc05cbbd442cac8bfbb360863"
  
  object-inspect@^1.8.0:
    version "1.8.0"
    resolved "https://registry.yarnpkg.com/object-inspect/-/object-inspect-1.8.0.tgz#df807e5ecf53a609cc6bfe93eac3cc7be5b3a9d0"
  
  object-keys@^1.0.11, object-keys@^1.0.12, object-keys@^1.1.1:
    version "1.1.1"
    resolved "https://registry.yarnpkg.com/object-keys/-/object-keys-1.1.1.tgz#1c47f272df277f3b1daf061677d9c82e2322c60e"
  
  object.assign@4.1.0:
    version "4.1.0"
    resolved "https://registry.yarnpkg.com/object.assign/-/object.assign-4.1.0.tgz#968bf1100d7956bb3ca086f006f846b3bc4008da"
    dependencies:
      define-properties "^1.1.2"
      function-bind "^1.1.1"
      has-symbols "^1.0.0"
      object-keys "^1.0.11"
  
  object.assign@^4.1.1:
    version "4.1.1"
    resolved "https://registry.yarnpkg.com/object.assign/-/object.assign-4.1.1.tgz#303867a666cdd41936ecdedfb1f8f3e32a478cdd"
    dependencies:
      define-properties "^1.1.3"
      es-abstract "^1.18.0-next.0"
      has-symbols "^1.0.1"
      object-keys "^1.1.1"
  
  on-finished@~2.3.0:
    version "2.3.0"
    resolved "https://registry.yarnpkg.com/on-finished/-/on-finished-2.3.0.tgz#20f1336481b083cd75337992a16971aa2d906947"
    dependencies:
      ee-first "1.1.1"
  
  on-headers@~1.0.2:
    version "1.0.2"
    resolved "https://registry.yarnpkg.com/on-headers/-/on-headers-1.0.2.tgz#772b0ae6aaa525c399e489adfad90c403eb3c28f"
  
  once@^1.3.0:
    version "1.4.0"
    resolved "https://registry.yarnpkg.com/once/-/once-1.4.0.tgz#583b1aa775961d4b113ac17d9c50baef9dd76bd1"
    dependencies:
      wrappy "1"
  
  one-time@^1.0.0:
    version "1.0.0"
    resolved "https://registry.yarnpkg.com/one-time/-/one-time-1.0.0.tgz#e06bc174aed214ed58edede573b433bbf827cb45"
    dependencies:
      fn.name "1.x.x"
  
  p-limit@^2.0.0, p-limit@^2.2.0:
    version "2.3.0"
    resolved "https://registry.yarnpkg.com/p-limit/-/p-limit-2.3.0.tgz#3dd33c647a214fdfffd835933eb086da0dc21db1"
    dependencies:
      p-try "^2.0.0"
  
  p-limit@^3.0.2:
    version "3.0.2"
    resolved "https://registry.yarnpkg.com/p-limit/-/p-limit-3.0.2.tgz#1664e010af3cadc681baafd3e2a437be7b0fb5fe"
    dependencies:
      p-try "^2.0.0"
  
  p-locate@^3.0.0:
    version "3.0.0"
    resolved "https://registry.yarnpkg.com/p-locate/-/p-locate-3.0.0.tgz#322d69a05c0264b25997d9f40cd8a891ab0064a4"
    dependencies:
      p-limit "^2.0.0"
  
  p-locate@^4.1.0:
    version "4.1.0"
    resolved "https://registry.yarnpkg.com/p-locate/-/p-locate-4.1.0.tgz#a3428bb7088b3a60292f66919278b7c297ad4f07"
    dependencies:
      p-limit "^2.2.0"
  
  p-locate@^5.0.0:
    version "5.0.0"
    resolved "https://registry.yarnpkg.com/p-locate/-/p-locate-5.0.0.tgz#83c8315c6785005e3bd021839411c9e110e6d834"
    dependencies:
      p-limit "^3.0.2"
  
  p-map@^3.0.0:
    version "3.0.0"
    resolved "https://registry.yarnpkg.com/p-map/-/p-map-3.0.0.tgz#d704d9af8a2ba684e2600d9a215983d4141a979d"
    dependencies:
      aggregate-error "^3.0.0"
  
  p-try@^2.0.0:
    version "2.2.0"
    resolved "https://registry.yarnpkg.com/p-try/-/p-try-2.2.0.tgz#cb2868540e313d61de58fafbe35ce9004d5540e6"
  
  package-hash@^4.0.0:
    version "4.0.0"
    resolved "https://registry.yarnpkg.com/package-hash/-/package-hash-4.0.0.tgz#3537f654665ec3cc38827387fc904c163c54f506"
    dependencies:
      graceful-fs "^4.1.15"
      hasha "^5.0.0"
      lodash.flattendeep "^4.4.0"
      release-zalgo "^1.0.0"
  
  parseurl@~1.3.3:
    version "1.3.3"
    resolved "https://registry.yarnpkg.com/parseurl/-/parseurl-1.3.3.tgz#9da19e7bee8d12dff0513ed5b76957793bc2e8d4"
  
  path-exists@^3.0.0:
    version "3.0.0"
    resolved "https://registry.yarnpkg.com/path-exists/-/path-exists-3.0.0.tgz#ce0ebeaa5f78cb18925ea7d810d7b59b010fd515"
  
  path-exists@^4.0.0:
    version "4.0.0"
    resolved "https://registry.yarnpkg.com/path-exists/-/path-exists-4.0.0.tgz#513bdbe2d3b95d7762e8c1137efa195c6c61b5b3"
  
  path-is-absolute@^1.0.0:
    version "1.0.1"
    resolved "https://registry.yarnpkg.com/path-is-absolute/-/path-is-absolute-1.0.1.tgz#174b9268735534ffbc7ace6bf53a5a9e1b5c5f5f"
  
  path-key@^3.1.0:
    version "3.1.1"
    resolved "https://registry.yarnpkg.com/path-key/-/path-key-3.1.1.tgz#581f6ade658cbba65a0d3380de7753295054f375"
  
  path-parse@^1.0.6:
    version "1.0.6"
    resolved "https://registry.yarnpkg.com/path-parse/-/path-parse-1.0.6.tgz#d62dbb5679405d72c4737ec58600e9ddcf06d24c"
  
  path-to-regexp@0.1.7:
    version "0.1.7"
    resolved "https://registry.yarnpkg.com/path-to-regexp/-/path-to-regexp-0.1.7.tgz#df604178005f522f15eb4490e7247a1bfaa67f8c"
  
  pathval@^1.1.0:
    version "1.1.0"
    resolved "https://registry.yarnpkg.com/pathval/-/pathval-1.1.0.tgz#b942e6d4bde653005ef6b71361def8727d0645e0"
  
  picomatch@^2.0.4, picomatch@^2.2.1:
    version "2.2.2"
    resolved "https://registry.yarnpkg.com/picomatch/-/picomatch-2.2.2.tgz#21f333e9b6b8eaff02468f5146ea406d345f4dad"
  
  pkg-dir@^4.1.0:
    version "4.2.0"
    resolved "https://registry.yarnpkg.com/pkg-dir/-/pkg-dir-4.2.0.tgz#f099133df7ede422e81d1d8448270eeb3e4261f3"
    dependencies:
      find-up "^4.0.0"
  
  process-nextick-args@~2.0.0:
    version "2.0.1"
    resolved "https://registry.yarnpkg.com/process-nextick-args/-/process-nextick-args-2.0.1.tgz#7820d9b16120cc55ca9ae7792680ae7dba6d7fe2"
  
  process-on-spawn@^1.0.0:
    version "1.0.0"
    resolved "https://registry.yarnpkg.com/process-on-spawn/-/process-on-spawn-1.0.0.tgz#95b05a23073d30a17acfdc92a440efd2baefdc93"
    dependencies:
      fromentries "^1.2.0"
  
  promise.allsettled@1.0.2:
    version "1.0.2"
    resolved "https://registry.yarnpkg.com/promise.allsettled/-/promise.allsettled-1.0.2.tgz#d66f78fbb600e83e863d893e98b3d4376a9c47c9"
    dependencies:
      array.prototype.map "^1.0.1"
      define-properties "^1.1.3"
      es-abstract "^1.17.0-next.1"
      function-bind "^1.1.1"
      iterate-value "^1.0.0"
  
  proxy-addr@~2.0.5:
    version "2.0.6"
    resolved "https://registry.yarnpkg.com/proxy-addr/-/proxy-addr-2.0.6.tgz#fdc2336505447d3f2f2c638ed272caf614bbb2bf"
    dependencies:
      forwarded "~0.1.2"
      ipaddr.js "1.9.1"
  
  qs@6.7.0:
    version "6.7.0"
    resolved "https://registry.yarnpkg.com/qs/-/qs-6.7.0.tgz#41dc1a015e3d581f1621776be31afb2876a9b1bc"
  
  qs@^6.5.1:
    version "6.9.4"
    resolved "https://registry.yarnpkg.com/qs/-/qs-6.9.4.tgz#9090b290d1f91728d3c22e54843ca44aea5ab687"
  
  randombytes@^2.1.0:
    version "2.1.0"
    resolved "https://registry.yarnpkg.com/randombytes/-/randombytes-2.1.0.tgz#df6f84372f0270dc65cdf6291349ab7a473d4f2a"
    dependencies:
      safe-buffer "^5.1.0"
  
  range-parser@~1.2.1:
    version "1.2.1"
    resolved "https://registry.yarnpkg.com/range-parser/-/range-parser-1.2.1.tgz#3cf37023d199e1c24d1a55b84800c2f3e6468031"
  
  raw-body@2.4.0:
    version "2.4.0"
    resolved "https://registry.yarnpkg.com/raw-body/-/raw-body-2.4.0.tgz#a1ce6fb9c9bc356ca52e89256ab59059e13d0332"
    dependencies:
      bytes "3.1.0"
      http-errors "1.7.2"
      iconv-lite "0.4.24"
      unpipe "1.0.0"
  
  readable-stream@^2.3.5, readable-stream@^2.3.7:
    version "2.3.7"
    resolved "https://registry.yarnpkg.com/readable-stream/-/readable-stream-2.3.7.tgz#1eca1cf711aef814c04f62252a36a62f6cb23b57"
    dependencies:
      core-util-is "~1.0.0"
      inherits "~2.0.3"
      isarray "~1.0.0"
      process-nextick-args "~2.0.0"
      safe-buffer "~5.1.1"
      string_decoder "~1.1.1"
      util-deprecate "~1.0.1"
  
  readable-stream@^3.4.0:
    version "3.6.0"
    resolved "https://registry.yarnpkg.com/readable-stream/-/readable-stream-3.6.0.tgz#337bbda3adc0706bd3e024426a286d4b4b2c9198"
    dependencies:
      inherits "^2.0.3"
      string_decoder "^1.1.1"
      util-deprecate "^1.0.1"
  
  readdirp@~3.4.0:
    version "3.4.0"
    resolved "https://registry.yarnpkg.com/readdirp/-/readdirp-3.4.0.tgz#9fdccdf9e9155805449221ac645e8303ab5b9ada"
    dependencies:
      picomatch "^2.2.1"
  
  release-zalgo@^1.0.0:
    version "1.0.0"
    resolved "https://registry.yarnpkg.com/release-zalgo/-/release-zalgo-1.0.0.tgz#09700b7e5074329739330e535c5a90fb67851730"
    dependencies:
      es6-error "^4.0.1"
  
  require-directory@^2.1.1:
    version "2.1.1"
    resolved "https://registry.yarnpkg.com/require-directory/-/require-directory-2.1.1.tgz#8c64ad5fd30dab1c976e2344ffe7f792a6a6df42"
  
  require-main-filename@^2.0.0:
    version "2.0.0"
    resolved "https://registry.yarnpkg.com/require-main-filename/-/require-main-filename-2.0.0.tgz#d0b329ecc7cc0f61649f62215be69af54aa8989b"
  
  resolve-from@^5.0.0:
    version "5.0.0"
    resolved "https://registry.yarnpkg.com/resolve-from/-/resolve-from-5.0.0.tgz#c35225843df8f776df21c57557bc087e9dfdfc69"
  
  resolve@^1.3.2:
    version "1.17.0"
    resolved "https://registry.yarnpkg.com/resolve/-/resolve-1.17.0.tgz#b25941b54968231cc2d1bb76a79cb7f2c0bf8444"
    dependencies:
      path-parse "^1.0.6"
  
  rimraf@^3.0.0:
    version "3.0.2"
    resolved "https://registry.yarnpkg.com/rimraf/-/rimraf-3.0.2.tgz#f1a5402ba6220ad52cc1282bac1ae3aa49fd061a"
    dependencies:
      glob "^7.1.3"
  
  safe-buffer@5.1.2, safe-buffer@~5.1.0, safe-buffer@~5.1.1:
    version "5.1.2"
    resolved "https://registry.yarnpkg.com/safe-buffer/-/safe-buffer-5.1.2.tgz#991ec69d296e0313747d59bdfd2b745c35f8828d"
  
  safe-buffer@^5.1.0, safe-buffer@~5.2.0:
    version "5.2.1"
    resolved "https://registry.yarnpkg.com/safe-buffer/-/safe-buffer-5.2.1.tgz#1eaf9fa9bdb1fdd4ec75f58f9cdb4e6b7827eec6"
  
  "safer-buffer@>= 2.1.2 < 3":
    version "2.1.2"
    resolved "https://registry.yarnpkg.com/safer-buffer/-/safer-buffer-2.1.2.tgz#44fa161b0187b9549dd84bb91802f9bd8385cd6a"
  
  semver@^5.3.0, semver@^5.4.1:
    version "5.7.1"
    resolved "https://registry.yarnpkg.com/semver/-/semver-5.7.1.tgz#a954f931aeba508d307bbf069eff0c01c96116f7"
  
  semver@^6.0.0, semver@^6.3.0:
    version "6.3.0"
    resolved "https://registry.yarnpkg.com/semver/-/semver-6.3.0.tgz#ee0a64c8af5e8ceea67687b133761e1becbd1d3d"
  
  send@0.17.1:
    version "0.17.1"
    resolved "https://registry.yarnpkg.com/send/-/send-0.17.1.tgz#c1d8b059f7900f7466dd4938bdc44e11ddb376c8"
    dependencies:
      debug "2.6.9"
      depd "~1.1.2"
      destroy "~1.0.4"
      encodeurl "~1.0.2"
      escape-html "~1.0.3"
      etag "~1.8.1"
      fresh "0.5.2"
      http-errors "~1.7.2"
      mime "1.6.0"
      ms "2.1.1"
      on-finished "~2.3.0"
      range-parser "~1.2.1"
      statuses "~1.5.0"
  
  serialize-javascript@4.0.0:
    version "4.0.0"
    resolved "https://registry.yarnpkg.com/serialize-javascript/-/serialize-javascript-4.0.0.tgz#b525e1238489a5ecfc42afacc3fe99e666f4b1aa"
    dependencies:
      randombytes "^2.1.0"
  
  serve-static@1.14.1:
    version "1.14.1"
    resolved "https://registry.yarnpkg.com/serve-static/-/serve-static-1.14.1.tgz#666e636dc4f010f7ef29970a88a674320898b2f9"
    dependencies:
      encodeurl "~1.0.2"
      escape-html "~1.0.3"
      parseurl "~1.3.3"
      send "0.17.1"
  
  set-blocking@^2.0.0:
    version "2.0.0"
    resolved "https://registry.yarnpkg.com/set-blocking/-/set-blocking-2.0.0.tgz#045f9782d011ae9a6803ddd382b24392b3d890f7"
  
  setprototypeof@1.1.1:
    version "1.1.1"
    resolved "https://registry.yarnpkg.com/setprototypeof/-/setprototypeof-1.1.1.tgz#7e95acb24aa92f5885e0abef5ba131330d4ae683"
  
  shebang-command@^2.0.0:
    version "2.0.0"
    resolved "https://registry.yarnpkg.com/shebang-command/-/shebang-command-2.0.0.tgz#ccd0af4f8835fbdc265b82461aaf0c36663f34ea"
    dependencies:
      shebang-regex "^3.0.0"
  
  shebang-regex@^3.0.0:
    version "3.0.0"
    resolved "https://registry.yarnpkg.com/shebang-regex/-/shebang-regex-3.0.0.tgz#ae16f1644d873ecad843b0307b143362d4c42172"
  
  signal-exit@^3.0.2:
    version "3.0.3"
    resolved "https://registry.yarnpkg.com/signal-exit/-/signal-exit-3.0.3.tgz#a1410c2edd8f077b08b4e253c8eacfcaf057461c"
  
  simple-swizzle@^0.2.2:
    version "0.2.2"
    resolved "https://registry.yarnpkg.com/simple-swizzle/-/simple-swizzle-0.2.2.tgz#a4da6b635ffcccca33f70d17cb92592de95e557a"
    dependencies:
      is-arrayish "^0.3.1"
  
  source-map-support@^0.5.17:
    version "0.5.19"
    resolved "https://registry.yarnpkg.com/source-map-support/-/source-map-support-0.5.19.tgz#a98b62f86dcaf4f67399648c085291ab9e8fed61"
    dependencies:
      buffer-from "^1.0.0"
      source-map "^0.6.0"
  
  source-map@^0.5.0:
    version "0.5.7"
    resolved "https://registry.yarnpkg.com/source-map/-/source-map-0.5.7.tgz#8a039d2d1021d22d1ea14c80d8ea468ba2ef3fcc"
  
  source-map@^0.6.0, source-map@^0.6.1:
    version "0.6.1"
    resolved "https://registry.yarnpkg.com/source-map/-/source-map-0.6.1.tgz#74722af32e9614e9c287a8d0bbde48b5e2f1a263"
  
  spawn-wrap@^2.0.0:
    version "2.0.0"
    resolved "https://registry.yarnpkg.com/spawn-wrap/-/spawn-wrap-2.0.0.tgz#103685b8b8f9b79771318827aa78650a610d457e"
    dependencies:
      foreground-child "^2.0.0"
      is-windows "^1.0.2"
      make-dir "^3.0.0"
      rimraf "^3.0.0"
      signal-exit "^3.0.2"
      which "^2.0.1"
  
  sprintf-js@~1.0.2:
    version "1.0.3"
    resolved "https://registry.yarnpkg.com/sprintf-js/-/sprintf-js-1.0.3.tgz#04e6926f662895354f3dd015203633b857297e2c"
  
  stack-trace@0.0.x:
    version "0.0.10"
    resolved "https://registry.yarnpkg.com/stack-trace/-/stack-trace-0.0.10.tgz#547c70b347e8d32b4e108ea1a2a159e5fdde19c0"
  
  "statuses@>= 1.5.0 < 2", statuses@~1.5.0:
    version "1.5.0"
    resolved "https://registry.yarnpkg.com/statuses/-/statuses-1.5.0.tgz#161c7dac177659fd9811f43771fa99381478628c"
  
  "string-width@^1.0.2 || 2":
    version "2.1.1"
    resolved "https://registry.yarnpkg.com/string-width/-/string-width-2.1.1.tgz#ab93f27a8dc13d28cac815c462143a6d9012ae9e"
    dependencies:
      is-fullwidth-code-point "^2.0.0"
      strip-ansi "^4.0.0"
  
  string-width@^3.0.0, string-width@^3.1.0:
    version "3.1.0"
    resolved "https://registry.yarnpkg.com/string-width/-/string-width-3.1.0.tgz#22767be21b62af1081574306f69ac51b62203961"
    dependencies:
      emoji-regex "^7.0.1"
      is-fullwidth-code-point "^2.0.0"
      strip-ansi "^5.1.0"
  
  string-width@^4.1.0, string-width@^4.2.0:
    version "4.2.0"
    resolved "https://registry.yarnpkg.com/string-width/-/string-width-4.2.0.tgz#952182c46cc7b2c313d1596e623992bd163b72b5"
    dependencies:
      emoji-regex "^8.0.0"
      is-fullwidth-code-point "^3.0.0"
      strip-ansi "^6.0.0"
  
  string.prototype.trimend@^1.0.1:
    version "1.0.1"
    resolved "https://registry.yarnpkg.com/string.prototype.trimend/-/string.prototype.trimend-1.0.1.tgz#85812a6b847ac002270f5808146064c995fb6913"
    dependencies:
      define-properties "^1.1.3"
      es-abstract "^1.17.5"
  
  string.prototype.trimstart@^1.0.1:
    version "1.0.1"
    resolved "https://registry.yarnpkg.com/string.prototype.trimstart/-/string.prototype.trimstart-1.0.1.tgz#14af6d9f34b053f7cfc89b72f8f2ee14b9039a54"
    dependencies:
      define-properties "^1.1.3"
      es-abstract "^1.17.5"
  
  string_decoder@^1.1.1:
    version "1.3.0"
    resolved "https://registry.yarnpkg.com/string_decoder/-/string_decoder-1.3.0.tgz#42f114594a46cf1a8e30b0a84f56c78c3edac21e"
    dependencies:
      safe-buffer "~5.2.0"
  
  string_decoder@~1.1.1:
    version "1.1.1"
    resolved "https://registry.yarnpkg.com/string_decoder/-/string_decoder-1.1.1.tgz#9cf1611ba62685d7030ae9e4ba34149c3af03fc8"
    dependencies:
      safe-buffer "~5.1.0"
  
  strip-ansi@^4.0.0:
    version "4.0.0"
    resolved "https://registry.yarnpkg.com/strip-ansi/-/strip-ansi-4.0.0.tgz#a8479022eb1ac368a871389b635262c505ee368f"
    dependencies:
      ansi-regex "^3.0.0"
  
  strip-ansi@^5.0.0, strip-ansi@^5.1.0, strip-ansi@^5.2.0:
    version "5.2.0"
    resolved "https://registry.yarnpkg.com/strip-ansi/-/strip-ansi-5.2.0.tgz#8c9a536feb6afc962bdfa5b104a5091c1ad9c0ae"
    dependencies:
      ansi-regex "^4.1.0"
  
  strip-ansi@^6.0.0:
    version "6.0.0"
    resolved "https://registry.yarnpkg.com/strip-ansi/-/strip-ansi-6.0.0.tgz#0b1571dd7669ccd4f3e06e14ef1eed26225ae532"
    dependencies:
      ansi-regex "^5.0.0"
  
  strip-bom@^4.0.0:
    version "4.0.0"
    resolved "https://registry.yarnpkg.com/strip-bom/-/strip-bom-4.0.0.tgz#9c3505c1db45bcedca3d9cf7a16f5c5aa3901878"
  
  strip-json-comments@3.0.1:
    version "3.0.1"
    resolved "https://registry.yarnpkg.com/strip-json-comments/-/strip-json-comments-3.0.1.tgz#85713975a91fb87bf1b305cca77395e40d2a64a7"
  
  superagent@^3.7.0:
    version "3.8.3"
    resolved "https://registry.yarnpkg.com/superagent/-/superagent-3.8.3.tgz#460ea0dbdb7d5b11bc4f78deba565f86a178e128"
    dependencies:
      component-emitter "^1.2.0"
      cookiejar "^2.1.0"
      debug "^3.1.0"
      extend "^3.0.0"
      form-data "^2.3.1"
      formidable "^1.2.0"
      methods "^1.1.1"
      mime "^1.4.1"
      qs "^6.5.1"
      readable-stream "^2.3.5"
  
  supports-color@7.1.0:
    version "7.1.0"
    resolved "https://registry.yarnpkg.com/supports-color/-/supports-color-7.1.0.tgz#68e32591df73e25ad1c4b49108a2ec507962bfd1"
    dependencies:
      has-flag "^4.0.0"
  
  supports-color@^5.3.0:
    version "5.5.0"
    resolved "https://registry.yarnpkg.com/supports-color/-/supports-color-5.5.0.tgz#e2e69a44ac8772f78a1ec0b35b689df6530efc8f"
    dependencies:
      has-flag "^3.0.0"
  
  supports-color@^7.1.0:
    version "7.2.0"
    resolved "https://registry.yarnpkg.com/supports-color/-/supports-color-7.2.0.tgz#1b7dcdcb32b8138801b3e478ba6a51caa89648da"
    dependencies:
      has-flag "^4.0.0"
  
  test-exclude@^6.0.0:
    version "6.0.0"
    resolved "https://registry.yarnpkg.com/test-exclude/-/test-exclude-6.0.0.tgz#04a8698661d805ea6fa293b6cb9e63ac044ef15e"
    dependencies:
      "@istanbuljs/schema" "^0.1.2"
      glob "^7.1.4"
      minimatch "^3.0.4"
  
  text-hex@1.0.x:
    version "1.0.0"
    resolved "https://registry.yarnpkg.com/text-hex/-/text-hex-1.0.0.tgz#69dc9c1b17446ee79a92bf5b884bb4b9127506f5"
  
  to-fast-properties@^2.0.0:
    version "2.0.0"
    resolved "https://registry.yarnpkg.com/to-fast-properties/-/to-fast-properties-2.0.0.tgz#dc5e698cbd079265bc73e0377681a4e4e83f616e"
  
  to-regex-range@^5.0.1:
    version "5.0.1"
    resolved "https://registry.yarnpkg.com/to-regex-range/-/to-regex-range-5.0.1.tgz#1648c44aae7c8d988a326018ed72f5b4dd0392e4"
    dependencies:
      is-number "^7.0.0"
  
  toidentifier@1.0.0:
    version "1.0.0"
    resolved "https://registry.yarnpkg.com/toidentifier/-/toidentifier-1.0.0.tgz#7e1be3470f1e77948bc43d94a3c8f4d7752ba553"
  
  triple-beam@^1.2.0, triple-beam@^1.3.0:
    version "1.3.0"
    resolved "https://registry.yarnpkg.com/triple-beam/-/triple-beam-1.3.0.tgz#a595214c7298db8339eeeee083e4d10bd8cb8dd9"
  
  ts-node@^9.0.0:
    version "9.0.0"
    resolved "https://registry.yarnpkg.com/ts-node/-/ts-node-9.0.0.tgz#e7699d2a110cc8c0d3b831715e417688683460b3"
    dependencies:
      arg "^4.1.0"
      diff "^4.0.1"
      make-error "^1.1.1"
      source-map-support "^0.5.17"
      yn "3.1.1"
  
  tslib@^1.13.0, tslib@^1.8.1:
    version "1.14.0"
    resolved "https://registry.yarnpkg.com/tslib/-/tslib-1.14.0.tgz#d624983f3e2c5e0b55307c3dd6c86acd737622c6"
  
  tslint@^6.1.3:
    version "6.1.3"
    resolved "https://registry.yarnpkg.com/tslint/-/tslint-6.1.3.tgz#5c23b2eccc32487d5523bd3a470e9aa31789d904"
    dependencies:
      "@babel/code-frame" "^7.0.0"
      builtin-modules "^1.1.1"
      chalk "^2.3.0"
      commander "^2.12.1"
      diff "^4.0.1"
      glob "^7.1.1"
      js-yaml "^3.13.1"
      minimatch "^3.0.4"
      mkdirp "^0.5.3"
      resolve "^1.3.2"
      semver "^5.3.0"
      tslib "^1.13.0"
      tsutils "^2.29.0"
  
  tsutils@^2.29.0:
    version "2.29.0"
    resolved "https://registry.yarnpkg.com/tsutils/-/tsutils-2.29.0.tgz#32b488501467acbedd4b85498673a0812aca0b99"
    dependencies:
      tslib "^1.8.1"
  
  type-detect@^4.0.0, type-detect@^4.0.5:
    version "4.0.8"
    resolved "https://registry.yarnpkg.com/type-detect/-/type-detect-4.0.8.tgz#7646fb5f18871cfbb7749e69bd39a6388eb7450c"
  
  type-fest@^0.8.0:
    version "0.8.1"
    resolved "https://registry.yarnpkg.com/type-fest/-/type-fest-0.8.1.tgz#09e249ebde851d3b1e48d27c105444667f17b83d"
  
  type-is@~1.6.17, type-is@~1.6.18:
    version "1.6.18"
    resolved "https://registry.yarnpkg.com/type-is/-/type-is-1.6.18.tgz#4e552cd05df09467dcbc4ef739de89f2cf37c131"
    dependencies:
      media-typer "0.3.0"
      mime-types "~2.1.24"
  
  typedarray-to-buffer@^3.1.5:
    version "3.1.5"
    resolved "https://registry.yarnpkg.com/typedarray-to-buffer/-/typedarray-to-buffer-3.1.5.tgz#a97ee7a9ff42691b9f783ff1bc5112fe3fca9080"
    dependencies:
      is-typedarray "^1.0.0"
  
  typescript@^4.0.3:
    version "4.0.3"
    resolved "https://registry.yarnpkg.com/typescript/-/typescript-4.0.3.tgz#153bbd468ef07725c1df9c77e8b453f8d36abba5"
  
  unpipe@1.0.0, unpipe@~1.0.0:
    version "1.0.0"
    resolved "https://registry.yarnpkg.com/unpipe/-/unpipe-1.0.0.tgz#b2bf4ee8514aae6165b4817829d21b2ef49904ec"
  
  util-deprecate@^1.0.1, util-deprecate@~1.0.1:
    version "1.0.2"
    resolved "https://registry.yarnpkg.com/util-deprecate/-/util-deprecate-1.0.2.tgz#450d4dc9fa70de732762fbd2d4a28981419a0ccf"
  
  utils-merge@1.0.1:
    version "1.0.1"
    resolved "https://registry.yarnpkg.com/utils-merge/-/utils-merge-1.0.1.tgz#9f95710f50a267947b2ccc124741c1028427e713"
  
  uuid@^3.3.3:
    version "3.4.0"
    resolved "https://registry.yarnpkg.com/uuid/-/uuid-3.4.0.tgz#b23e4358afa8a202fe7a100af1f5f883f02007ee"
  
  validator@^13.1.1:
    version "13.1.17"
    resolved "https://registry.yarnpkg.com/validator/-/validator-13.1.17.tgz#ad677736950adddd3c37209484a6b2e0966579ad"
  
  vary@^1, vary@~1.1.2:
    version "1.1.2"
    resolved "https://registry.yarnpkg.com/vary/-/vary-1.1.2.tgz#2299f02c6ded30d4a5961b0b9f74524a18f634fc"
  
  which-module@^2.0.0:
    version "2.0.0"
    resolved "https://registry.yarnpkg.com/which-module/-/which-module-2.0.0.tgz#d9ef07dce77b9902b8a3a8fa4b31c3e3f7e6e87a"
  
  which@2.0.2, which@^2.0.1:
    version "2.0.2"
    resolved "https://registry.yarnpkg.com/which/-/which-2.0.2.tgz#7c6a8dd0a636a0327e10b59c9286eee93f3f51b1"
    dependencies:
      isexe "^2.0.0"
  
  wide-align@1.1.3:
    version "1.1.3"
    resolved "https://registry.yarnpkg.com/wide-align/-/wide-align-1.1.3.tgz#ae074e6bdc0c14a431e804e624549c633b000457"
    dependencies:
      string-width "^1.0.2 || 2"
  
  winston-transport@^4.4.0:
    version "4.4.0"
    resolved "https://registry.yarnpkg.com/winston-transport/-/winston-transport-4.4.0.tgz#17af518daa690d5b2ecccaa7acf7b20ca7925e59"
    dependencies:
      readable-stream "^2.3.7"
      triple-beam "^1.2.0"
  
  winston@*:
    version "3.3.3"
    resolved "https://registry.yarnpkg.com/winston/-/winston-3.3.3.tgz#ae6172042cafb29786afa3d09c8ff833ab7c9170"
    dependencies:
      "@dabh/diagnostics" "^2.0.2"
      async "^3.1.0"
      is-stream "^2.0.0"
      logform "^2.2.0"
      one-time "^1.0.0"
      readable-stream "^3.4.0"
      stack-trace "0.0.x"
      triple-beam "^1.3.0"
      winston-transport "^4.4.0"
  
  workerpool@6.0.0:
    version "6.0.0"
    resolved "https://registry.yarnpkg.com/workerpool/-/workerpool-6.0.0.tgz#85aad67fa1a2c8ef9386a1b43539900f61d03d58"
  
  wrap-ansi@^5.1.0:
    version "5.1.0"
    resolved "https://registry.yarnpkg.com/wrap-ansi/-/wrap-ansi-5.1.0.tgz#1fd1f67235d5b6d0fee781056001bfb694c03b09"
    dependencies:
      ansi-styles "^3.2.0"
      string-width "^3.0.0"
      strip-ansi "^5.0.0"
  
  wrap-ansi@^6.2.0:
    version "6.2.0"
    resolved "https://registry.yarnpkg.com/wrap-ansi/-/wrap-ansi-6.2.0.tgz#e9393ba07102e6c91a3b221478f0257cd2856e53"
    dependencies:
      ansi-styles "^4.0.0"
      string-width "^4.1.0"
      strip-ansi "^6.0.0"
  
  wrappy@1:
    version "1.0.2"
    resolved "https://registry.yarnpkg.com/wrappy/-/wrappy-1.0.2.tgz#b5243d8f3ec1aa35f1364605bc0d1036e30ab69f"
  
  write-file-atomic@^3.0.0:
    version "3.0.3"
    resolved "https://registry.yarnpkg.com/write-file-atomic/-/write-file-atomic-3.0.3.tgz#56bd5c5a5c70481cd19c571bd39ab965a5de56e8"
    dependencies:
      imurmurhash "^0.1.4"
      is-typedarray "^1.0.0"
      signal-exit "^3.0.2"
      typedarray-to-buffer "^3.1.5"
  
  y18n@^4.0.0:
    version "4.0.0"
    resolved "https://registry.yarnpkg.com/y18n/-/y18n-4.0.0.tgz#95ef94f85ecc81d007c264e190a120f0a3c8566b"
  
  yargs-parser@13.1.2, yargs-parser@^13.1.2:
    version "13.1.2"
    resolved "https://registry.yarnpkg.com/yargs-parser/-/yargs-parser-13.1.2.tgz#130f09702ebaeef2650d54ce6e3e5706f7a4fb38"
    dependencies:
      camelcase "^5.0.0"
      decamelize "^1.2.0"
  
  yargs-parser@^15.0.1:
    version "15.0.1"
    resolved "https://registry.yarnpkg.com/yargs-parser/-/yargs-parser-15.0.1.tgz#54786af40b820dcb2fb8025b11b4d659d76323b3"
    dependencies:
      camelcase "^5.0.0"
      decamelize "^1.2.0"
  
  yargs-parser@^18.1.2:
    version "18.1.3"
    resolved "https://registry.yarnpkg.com/yargs-parser/-/yargs-parser-18.1.3.tgz#be68c4975c6b2abf469236b0c870362fab09a7b0"
    dependencies:
      camelcase "^5.0.0"
      decamelize "^1.2.0"
  
  yargs-unparser@1.6.1:
    version "1.6.1"
    resolved "https://registry.yarnpkg.com/yargs-unparser/-/yargs-unparser-1.6.1.tgz#bd4b0ee05b4c94d058929c32cb09e3fce71d3c5f"
    dependencies:
      camelcase "^5.3.1"
      decamelize "^1.2.0"
      flat "^4.1.0"
      is-plain-obj "^1.1.0"
      yargs "^14.2.3"
  
  yargs@13.3.2:
    version "13.3.2"
    resolved "https://registry.yarnpkg.com/yargs/-/yargs-13.3.2.tgz#ad7ffefec1aa59565ac915f82dccb38a9c31a2dd"
    dependencies:
      cliui "^5.0.0"
      find-up "^3.0.0"
      get-caller-file "^2.0.1"
      require-directory "^2.1.1"
      require-main-filename "^2.0.0"
      set-blocking "^2.0.0"
      string-width "^3.0.0"
      which-module "^2.0.0"
      y18n "^4.0.0"
      yargs-parser "^13.1.2"
  
  yargs@^14.2.3:
    version "14.2.3"
    resolved "https://registry.yarnpkg.com/yargs/-/yargs-14.2.3.tgz#1a1c3edced1afb2a2fea33604bc6d1d8d688a414"
    dependencies:
      cliui "^5.0.0"
      decamelize "^1.2.0"
      find-up "^3.0.0"
      get-caller-file "^2.0.1"
      require-directory "^2.1.1"
      require-main-filename "^2.0.0"
      set-blocking "^2.0.0"
      string-width "^3.0.0"
      which-module "^2.0.0"
      y18n "^4.0.0"
      yargs-parser "^15.0.1"
  
  yargs@^15.0.2:
    version "15.4.1"
    resolved "https://registry.yarnpkg.com/yargs/-/yargs-15.4.1.tgz#0d87a16de01aee9d8bec2bfbf74f67851730f4f8"
    dependencies:
      cliui "^6.0.0"
      decamelize "^1.2.0"
      find-up "^4.1.0"
      get-caller-file "^2.0.1"
      require-directory "^2.1.1"
      require-main-filename "^2.0.0"
      set-blocking "^2.0.0"
      string-width "^4.2.0"
      which-module "^2.0.0"
      y18n "^4.0.0"
      yargs-parser "^18.1.2"
  
  yn@3.1.1:
    version "3.1.1"
    resolved "https://registry.yarnpkg.com/yn/-/yn-3.1.1.tgz#1e87401a09d767c1d5eab26a6e4c185182d2eb50"
